Using pre-set license
Built from '2022.3/staging' branch; Version is '2022.3.7f1 (b16b3b16c7a0) revision 11627323'; Using compiler version '192829333'; Build Type 'Release'
OS: 'Windows 10  (10.0.19045) 64bit Professional' Language: 'en' Physical Memory: 16294 MB
BatchMode: 1, IsHumanControllingUs: 0, StartBugReporterOnCrash: 0, Is64bit: 1, IsPro: 1

COMMAND LINE ARGUMENTS:
D:\programs\Unity Editors\2022.3.7f1\Editor\Unity.exe
-adb2
-batchMode
-noUpm
-name
AssetImportWorker2
-projectPath
D:/projects/Git/CatlikeCoding-Rendering/Rendering
-logFile
Logs/AssetImportWorker2.log
-srvPort
59987
Successfully changed project path to: D:/projects/Git/CatlikeCoding-Rendering/Rendering
D:/projects/Git/CatlikeCoding-Rendering/Rendering
[UnityMemory] Configuration Parameters - Can be set up in boot.config
    "memorysetup-bucket-allocator-granularity=16"
    "memorysetup-bucket-allocator-bucket-count=8"
    "memorysetup-bucket-allocator-block-size=33554432"
    "memorysetup-bucket-allocator-block-count=8"
    "memorysetup-main-allocator-block-size=16777216"
    "memorysetup-thread-allocator-block-size=16777216"
    "memorysetup-gfx-main-allocator-block-size=16777216"
    "memorysetup-gfx-thread-allocator-block-size=16777216"
    "memorysetup-cache-allocator-block-size=4194304"
    "memorysetup-typetree-allocator-block-size=2097152"
    "memorysetup-profiler-bucket-allocator-granularity=16"
    "memorysetup-profiler-bucket-allocator-bucket-count=8"
    "memorysetup-profiler-bucket-allocator-block-size=33554432"
    "memorysetup-profiler-bucket-allocator-block-count=8"
    "memorysetup-profiler-allocator-block-size=16777216"
    "memorysetup-profiler-editor-allocator-block-size=1048576"
    "memorysetup-temp-allocator-size-main=16777216"
    "memorysetup-job-temp-allocator-block-size=2097152"
    "memorysetup-job-temp-allocator-block-size-background=1048576"
    "memorysetup-job-temp-allocator-reduction-small-platforms=262144"
    "memorysetup-allocator-temp-initial-block-size-main=262144"
    "memorysetup-allocator-temp-initial-block-size-worker=262144"
    "memorysetup-temp-allocator-size-background-worker=32768"
    "memorysetup-temp-allocator-size-job-worker=262144"
    "memorysetup-temp-allocator-size-preload-manager=33554432"
    "memorysetup-temp-allocator-size-nav-mesh-worker=65536"
    "memorysetup-temp-allocator-size-audio-worker=65536"
    "memorysetup-temp-allocator-size-cloud-worker=32768"
    "memorysetup-temp-allocator-size-gi-baking-worker=262144"
    "memorysetup-temp-allocator-size-gfx=262144"
Player connection [15684] Host "[IP] 192.168.2.221 [Port] 0 [Flags] 2 [Guid] 3953269012 [EditorId] 3953269012 [Version] 1048832 [Id] WindowsEditor(7,DESKTOP-J5TC0EM) [Debug] 1 [PackageName] WindowsEditor [ProjectName] Editor" joined multi-casting on [225.0.0.222:54997]...

Player connection [15684] Host "[IP] 192.168.2.221 [Port] 0 [Flags] 2 [Guid] 3953269012 [EditorId] 3953269012 [Version] 1048832 [Id] WindowsEditor(7,DESKTOP-J5TC0EM) [Debug] 1 [PackageName] WindowsEditor [ProjectName] Editor" joined alternative multi-casting on [225.0.0.222:34997]...

Refreshing native plugins compatible for Editor in 3110.94 ms, found 3 plugins.
Preloading 0 native plugins for Editor in 0.00 ms.
Initialize engine version: 2022.3.7f1 (b16b3b16c7a0)
[Subsystems] Discovering subsystems at path D:/programs/Unity Editors/2022.3.7f1/Editor/Data/Resources/UnitySubsystems
[Subsystems] Discovering subsystems at path D:/projects/Git/CatlikeCoding-Rendering/Rendering/Assets
GfxDevice: creating device client; threaded=0; jobified=0
Direct3D:
    Version:  Direct3D 11.0 [level 11.1]
    Renderer: NVIDIA GeForce GTX 1650 (ID=0x1f82)
    Vendor:   NVIDIA
    VRAM:     3935 MB
    Driver:   32.0.15.6094
Initialize mono
Mono path[0] = 'D:/programs/Unity Editors/2022.3.7f1/Editor/Data/Managed'
Mono path[1] = 'D:/programs/Unity Editors/2022.3.7f1/Editor/Data/MonoBleedingEdge/lib/mono/unityjit-win32'
Mono config path = 'D:/programs/Unity Editors/2022.3.7f1/Editor/Data/MonoBleedingEdge/etc'
Using monoOptions --debugger-agent=transport=dt_socket,embedding=1,server=y,suspend=n,address=127.0.0.1:56568
Begin MonoManager ReloadAssembly
Registering precompiled unity dll's ...
Register platform support module: D:/programs/Unity Editors/2022.3.7f1/Editor/Data/PlaybackEngines/WindowsStandaloneSupport/UnityEditor.WindowsStandalone.Extensions.dll
Register platform support module: D:/programs/Unity Editors/2022.3.7f1/Editor/Data/PlaybackEngines/MetroSupport/UnityEditor.UWP.Extensions.dll
Registered in 0.516604 seconds.
- Loaded All Assemblies, in  8.444 seconds
Native extension for UWP target not found
Native extension for WindowsStandalone target not found
Mono: successfully reloaded assembly
- Finished resetting the current domain, in  0.253 seconds
Domain Reload Profiling: 8696ms
	BeginReloadAssembly (5604ms)
		ExecutionOrderSort (0ms)
		DisableScriptedObjects (0ms)
		BackupInstance (0ms)
		ReleaseScriptingObjects (0ms)
		CreateAndSetChildDomain (1ms)
	RebuildCommonClasses (518ms)
	RebuildNativeTypeToScriptingClass (11ms)
	initialDomainReloadingComplete (561ms)
	LoadAllAssembliesAndSetupDomain (1750ms)
		LoadAssemblies (5603ms)
		RebuildTransferFunctionScriptingTraits (0ms)
		AnalyzeDomain (1748ms)
			TypeCache.Refresh (1747ms)
				TypeCache.ScanAssembly (1399ms)
			ScanForSourceGeneratedMonoScriptInfo (0ms)
			ResolveRequiredComponents (0ms)
	FinalizeReload (253ms)
		ReleaseScriptCaches (0ms)
		RebuildScriptCaches (0ms)
		SetupLoadedEditorAssemblies (194ms)
			LogAssemblyErrors (0ms)
			InitializePlatformSupportModulesInManaged (8ms)
			SetLoadedEditorAssemblies (6ms)
			RefreshPlugins (0ms)
			BeforeProcessingInitializeOnLoad (3ms)
			ProcessInitializeOnLoadAttributes (121ms)
			ProcessInitializeOnLoadMethodAttributes (56ms)
			AfterProcessingInitializeOnLoad (0ms)
			EditorAssembliesLoaded (0ms)
		ExecutionOrderSort2 (0ms)
		AwakeInstancesAfterBackupRestoration (0ms)
========================================================================
Worker process is ready to serve import requests
Begin MonoManager ReloadAssembly
Symbol file LoadedFromMemory doesn't match image D:\projects\Git\CatlikeCoding-Rendering\Rendering\Library\PackageCache\com.unity.visualscripting@1.8.0\Editor\VisualScripting.Core\Dependencies\YamlDotNet\Unity.VisualScripting.YamlDotNet.dll
Symbol file LoadedFromMemory doesn't match image D:\projects\Git\CatlikeCoding-Rendering\Rendering\Library\PackageCache\com.unity.visualscripting@1.8.0\Editor\VisualScripting.Core\Dependencies\DotNetZip\Unity.VisualScripting.IonicZip.dll
- Loaded All Assemblies, in  6.215 seconds
Refreshing native plugins compatible for Editor in 1.87 ms, found 3 plugins.
Native extension for UWP target not found
Native extension for WindowsStandalone target not found
Mono: successfully reloaded assembly
- Finished resetting the current domain, in  0.565 seconds
Domain Reload Profiling: 6780ms
	BeginReloadAssembly (135ms)
		ExecutionOrderSort (0ms)
		DisableScriptedObjects (6ms)
		BackupInstance (0ms)
		ReleaseScriptingObjects (0ms)
		CreateAndSetChildDomain (21ms)
	RebuildCommonClasses (32ms)
	RebuildNativeTypeToScriptingClass (11ms)
	initialDomainReloadingComplete (33ms)
	LoadAllAssembliesAndSetupDomain (6003ms)
		LoadAssemblies (5616ms)
		RebuildTransferFunctionScriptingTraits (0ms)
		AnalyzeDomain (463ms)
			TypeCache.Refresh (443ms)
				TypeCache.ScanAssembly (369ms)
			ScanForSourceGeneratedMonoScriptInfo (14ms)
			ResolveRequiredComponents (4ms)
	FinalizeReload (566ms)
		ReleaseScriptCaches (0ms)
		RebuildScriptCaches (0ms)
		SetupLoadedEditorAssemblies (417ms)
			LogAssemblyErrors (0ms)
			InitializePlatformSupportModulesInManaged (5ms)
			SetLoadedEditorAssemblies (5ms)
			RefreshPlugins (0ms)
			BeforeProcessingInitializeOnLoad (87ms)
			ProcessInitializeOnLoadAttributes (297ms)
			ProcessInitializeOnLoadMethodAttributes (20ms)
			AfterProcessingInitializeOnLoad (3ms)
			EditorAssembliesLoaded (0ms)
		ExecutionOrderSort2 (0ms)
		AwakeInstancesAfterBackupRestoration (11ms)
Launched and connected shader compiler UnityShaderCompiler.exe after 0.09 seconds
Refreshing native plugins compatible for Editor in 1.81 ms, found 3 plugins.
Preloading 0 native plugins for Editor in 0.00 ms.
Unloading 3087 Unused Serialized files (Serialized files now loaded: 0)
Unloading 31 unused Assets / (56.4 KB). Loaded Objects now: 3549.
Memory consumption went from 118.1 MB to 118.1 MB.
Total: 2.665300 ms (FindLiveObjects: 0.234000 ms CreateObjectMapping: 0.186300 ms MarkObjects: 2.163700 ms  DeleteObjects: 0.080700 ms)

AssetImportParameters requested are different than current active one (requested -> active):
  custom:container-demuxer-ogg: 62fdf1f143b41e24485cea50d1cbac27 -> 
  custom:video-decoder-ogg-theora: a1e56fd34408186e4bbccfd4996cb3dc -> 
  custom:framework-win-MediaFoundation: 216162199b28c13a410421893ffa2e32 -> 
  custom:CustomObjectIndexerAttribute: 756ad292c208cfabdd7b50bc23989ffe -> 
  custom:container-demuxer-webm: 4f35f7cbe854078d1ac9338744f61a02 -> 
  custom:container-muxer-webm: aa71ff27fc2769a1b78a27578f13a17b -> 
  custom:video-decoder-webm-vp8: 9c59270c3fd7afecdb556c50c9e8de78 -> 
  custom:SearchIndexIgnoredProperties: e643bd26f0fe6173181afceb89e7c659 -> 
  custom:AudioImporter_EditorPlatform: d09bf68614088b80899f8185d706f6e7 -> 
  custom:video-encoder-webm-vp8: eb34c28f22e8b96e1ab97ce403110664 -> 
  custom:audio-decoder-ogg-vorbis: bf7c407c2cedff20999df2af8eb42d56 -> 
  custom:audio-encoder-webm-vorbis: bf7c407c2cedff20999df2af8eb42d56 -> 
========================================================================
Received Prepare
Begin MonoManager ReloadAssembly
Symbol file LoadedFromMemory doesn't match image D:\projects\Git\CatlikeCoding-Rendering\Rendering\Library\PackageCache\com.unity.visualscripting@1.8.0\Editor\VisualScripting.Core\Dependencies\YamlDotNet\Unity.VisualScripting.YamlDotNet.dll
Symbol file LoadedFromMemory doesn't match image D:\projects\Git\CatlikeCoding-Rendering\Rendering\Library\PackageCache\com.unity.visualscripting@1.8.0\Editor\VisualScripting.Core\Dependencies\DotNetZip\Unity.VisualScripting.IonicZip.dll
- Loaded All Assemblies, in  0.409 seconds
Refreshing native plugins compatible for Editor in 2.51 ms, found 3 plugins.
Native extension for UWP target not found
Native extension for WindowsStandalone target not found
Mono: successfully reloaded assembly
- Finished resetting the current domain, in  0.756 seconds
Domain Reload Profiling: 1165ms
	BeginReloadAssembly (147ms)
		ExecutionOrderSort (0ms)
		DisableScriptedObjects (6ms)
		BackupInstance (0ms)
		ReleaseScriptingObjects (0ms)
		CreateAndSetChildDomain (31ms)
	RebuildCommonClasses (32ms)
	RebuildNativeTypeToScriptingClass (11ms)
	initialDomainReloadingComplete (25ms)
	LoadAllAssembliesAndSetupDomain (192ms)
		LoadAssemblies (260ms)
		RebuildTransferFunctionScriptingTraits (0ms)
		AnalyzeDomain (14ms)
			TypeCache.Refresh (5ms)
				TypeCache.ScanAssembly (0ms)
			ScanForSourceGeneratedMonoScriptInfo (0ms)
			ResolveRequiredComponents (7ms)
	FinalizeReload (757ms)
		ReleaseScriptCaches (0ms)
		RebuildScriptCaches (0ms)
		SetupLoadedEditorAssemblies (359ms)
			LogAssemblyErrors (0ms)
			InitializePlatformSupportModulesInManaged (5ms)
			SetLoadedEditorAssemblies (5ms)
			RefreshPlugins (0ms)
			BeforeProcessingInitializeOnLoad (89ms)
			ProcessInitializeOnLoadAttributes (234ms)
			ProcessInitializeOnLoadMethodAttributes (22ms)
			AfterProcessingInitializeOnLoad (3ms)
			EditorAssembliesLoaded (0ms)
		ExecutionOrderSort2 (0ms)
		AwakeInstancesAfterBackupRestoration (11ms)
Refreshing native plugins compatible for Editor in 1.85 ms, found 3 plugins.
Preloading 0 native plugins for Editor in 0.00 ms.
Unloading 3068 Unused Serialized files (Serialized files now loaded: 0)
Unloading 22 unused Assets / (30.5 KB). Loaded Objects now: 3552.
Memory consumption went from 114.4 MB to 114.3 MB.
Total: 2.579400 ms (FindLiveObjects: 0.229500 ms CreateObjectMapping: 0.203900 ms MarkObjects: 2.103900 ms  DeleteObjects: 0.041000 ms)

Prepare: number of updated asset objects reloaded= 0
AssetImportParameters requested are different than current active one (requested -> active):
  custom:container-demuxer-ogg: 62fdf1f143b41e24485cea50d1cbac27 -> 
  custom:video-decoder-ogg-theora: a1e56fd34408186e4bbccfd4996cb3dc -> 
  custom:framework-win-MediaFoundation: 216162199b28c13a410421893ffa2e32 -> 
  custom:CustomObjectIndexerAttribute: 756ad292c208cfabdd7b50bc23989ffe -> 
  custom:container-demuxer-webm: 4f35f7cbe854078d1ac9338744f61a02 -> 
  custom:container-muxer-webm: aa71ff27fc2769a1b78a27578f13a17b -> 
  custom:video-decoder-webm-vp8: 9c59270c3fd7afecdb556c50c9e8de78 -> 
  custom:SearchIndexIgnoredProperties: e643bd26f0fe6173181afceb89e7c659 -> 
  custom:AudioImporter_EditorPlatform: d09bf68614088b80899f8185d706f6e7 -> 
  custom:video-encoder-webm-vp8: eb34c28f22e8b96e1ab97ce403110664 -> 
  custom:audio-decoder-ogg-vorbis: bf7c407c2cedff20999df2af8eb42d56 -> 
  custom:audio-encoder-webm-vorbis: bf7c407c2cedff20999df2af8eb42d56 -> 
========================================================================
Received Import Request.
  Time since last request: 216951.277475 seconds.
  path: Assets/Scenes/7.unity
  artifactKey: Guid(a6c709bd2b3d9ee4b81439932e191f73) Importer(815301076,1909f56bfc062723c751e8b465ee728b)
Start importing Assets/Scenes/7.unity using Guid(a6c709bd2b3d9ee4b81439932e191f73) Importer(815301076,1909f56bfc062723c751e8b465ee728b)  -> (artifact id: 'eaf600a475834eaeddc6a03a5fe5a1a0') in 0.004222 seconds
Number of updated asset objects reloaded before import = 0
Number of asset objects unloaded after import = 0
========================================================================
Received Import Request.
  Time since last request: 114.656929 seconds.
  path: Assets/Scenes/13.unity
  artifactKey: Guid(c9a9fc5cd5304574ca09e7b964d9f4de) Importer(815301076,1909f56bfc062723c751e8b465ee728b)
Start importing Assets/Scenes/13.unity using Guid(c9a9fc5cd5304574ca09e7b964d9f4de) Importer(815301076,1909f56bfc062723c751e8b465ee728b)  -> (artifact id: 'e68d015c00e1c508d9da7af84e990171') in 0.000597 seconds
Number of updated asset objects reloaded before import = 0
Number of asset objects unloaded after import = 0
========================================================================
Received Import Request.
  Time since last request: 37.504159 seconds.
  path: Assets/Scenes/13.unity
  artifactKey: Guid(c9a9fc5cd5304574ca09e7b964d9f4de) Importer(815301076,1909f56bfc062723c751e8b465ee728b)
Start importing Assets/Scenes/13.unity using Guid(c9a9fc5cd5304574ca09e7b964d9f4de) Importer(815301076,1909f56bfc062723c751e8b465ee728b)  -> (artifact id: '8100878f1d31d8c8b75e46246da1f99a') in 0.000415 seconds
Number of updated asset objects reloaded before import = 0
Number of asset objects unloaded after import = 0
========================================================================
Received Import Request.
  Time since last request: 56.589432 seconds.
  path: Assets/Scenes/7.unity
  artifactKey: Guid(a6c709bd2b3d9ee4b81439932e191f73) Importer(815301076,1909f56bfc062723c751e8b465ee728b)
Start importing Assets/Scenes/7.unity using Guid(a6c709bd2b3d9ee4b81439932e191f73) Importer(815301076,1909f56bfc062723c751e8b465ee728b)  -> (artifact id: '72806343094fe9de9a3c47832007653b') in 0.000451 seconds
Number of updated asset objects reloaded before import = 0
Number of asset objects unloaded after import = 0
========================================================================
Received Import Request.
  Time since last request: 38.923544 seconds.
  path: Assets/Scenes/13.unity
  artifactKey: Guid(c9a9fc5cd5304574ca09e7b964d9f4de) Importer(815301076,1909f56bfc062723c751e8b465ee728b)
Start importing Assets/Scenes/13.unity using Guid(c9a9fc5cd5304574ca09e7b964d9f4de) Importer(815301076,1909f56bfc062723c751e8b465ee728b)  -> (artifact id: '834de8b78d899ed2e258fc9ac4193064') in 0.000582 seconds
Number of updated asset objects reloaded before import = 0
Number of asset objects unloaded after import = 0
========================================================================
Received Import Request.
  Time since last request: 7795.438202 seconds.
  path: Assets/Props/Materials/Rendering 13/Standart Mat.mat
  artifactKey: Guid(6623b29236fe65149a398b43bd06febc) Importer(815301076,1909f56bfc062723c751e8b465ee728b)
Start importing Assets/Props/Materials/Rendering 13/Standart Mat.mat using Guid(6623b29236fe65149a398b43bd06febc) Importer(815301076,1909f56bfc062723c751e8b465ee728b)  -> (artifact id: 'de7571d3d2308d1e91c5d710e30d190a') in 0.538759 seconds
Number of updated asset objects reloaded before import = 0
Number of asset objects unloaded after import = 1
========================================================================
Received Import Request.
  Time since last request: 67614.720448 seconds.
  path: Assets/Props/Materials/Rendering 10
  artifactKey: Guid(b3d1a9f66d9a9ad498aa79c039111b42) Importer(815301076,1909f56bfc062723c751e8b465ee728b)
Start importing Assets/Props/Materials/Rendering 10 using Guid(b3d1a9f66d9a9ad498aa79c039111b42) Importer(815301076,1909f56bfc062723c751e8b465ee728b)  -> (artifact id: '03f3781dea19f90eb112ae76957a84de') in 0.006035 seconds
Number of updated asset objects reloaded before import = 0
Number of asset objects unloaded after import = 0
========================================================================
Received Import Request.
  Time since last request: 0.032310 seconds.
  path: Assets/Props/Materials/Rendering 10/Circuitry 2.mat
  artifactKey: Guid(aa37adb3705824442a55403ee50daf49) Importer(815301076,1909f56bfc062723c751e8b465ee728b)
Start importing Assets/Props/Materials/Rendering 10/Circuitry 2.mat using Guid(aa37adb3705824442a55403ee50daf49) Importer(815301076,1909f56bfc062723c751e8b465ee728b)  -> (artifact id: '66b244b4508d125cb63cc776f0b5fbc9') in 0.673218 seconds
Number of updated asset objects reloaded before import = 0
Number of asset objects unloaded after import = 8
========================================================================
Received Import Request.
  Time since last request: 58.108270 seconds.
  path: Assets/Props/Materials/Rendering 13/Standart Mat.mat
  artifactKey: Guid(6623b29236fe65149a398b43bd06febc) Importer(815301076,1909f56bfc062723c751e8b465ee728b)
Start importing Assets/Props/Materials/Rendering 13/Standart Mat.mat using Guid(6623b29236fe65149a398b43bd06febc) Importer(815301076,1909f56bfc062723c751e8b465ee728b)  -> (artifact id: '6c6b6e6f2c8d19f29deff98eea956673') in 0.016332 seconds
Number of updated asset objects reloaded before import = 0
Number of asset objects unloaded after import = 1
========================================================================
Received Import Request.
  Time since last request: 426.084311 seconds.
  path: Assets/Props/Materials/Rendering 11/Transparent Mat.mat
  artifactKey: Guid(64863bf7ad25cb94c978026fc4e3cbe7) Importer(815301076,1909f56bfc062723c751e8b465ee728b)
Start importing Assets/Props/Materials/Rendering 11/Transparent Mat.mat using Guid(64863bf7ad25cb94c978026fc4e3cbe7) Importer(815301076,1909f56bfc062723c751e8b465ee728b)  -> (artifact id: '325a9a31f79ee10eb5c185be84bf648c') in 0.063350 seconds
Number of updated asset objects reloaded before import = 0
Number of asset objects unloaded after import = 2
========================================================================
Received Import Request.
  Time since last request: 259.456457 seconds.
  path: Assets/Props/Scripts/Rendering 12/My Shadows.cginc
  artifactKey: Guid(44686f3b4a195bb4583fa7fbbed9636a) Importer(815301076,1909f56bfc062723c751e8b465ee728b)
Start importing Assets/Props/Scripts/Rendering 12/My Shadows.cginc using Guid(44686f3b4a195bb4583fa7fbbed9636a) Importer(815301076,1909f56bfc062723c751e8b465ee728b)  -> (artifact id: 'e21a65a670f198bf07d3b44876554d31') in 0.001576 seconds
Number of updated asset objects reloaded before import = 0
Number of asset objects unloaded after import = 1
========================================================================
Received Import Request.
  Time since last request: 7.128603 seconds.
  path: Assets/Props/Scripts/Rendering 13/My Lighting.cginc
  artifactKey: Guid(b6ee1ae4c15fa744bbb98a39f667dcc2) Importer(815301076,1909f56bfc062723c751e8b465ee728b)
Start importing Assets/Props/Scripts/Rendering 13/My Lighting.cginc using Guid(b6ee1ae4c15fa744bbb98a39f667dcc2) Importer(815301076,1909f56bfc062723c751e8b465ee728b)  -> (artifact id: '7d4b9aee8b636e656cd866a199af9e3c') in 0.001015 seconds
Number of updated asset objects reloaded before import = 0
Number of asset objects unloaded after import = 1
========================================================================
Received Import Request.
  Time since last request: 2052.649963 seconds.
  path: Assets/Props/Materials/Rendering 12/Semitransparent Shadows Mat.mat
  artifactKey: Guid(4ccf4a1cd9a4ee746be8c2f3cc5de419) Importer(815301076,1909f56bfc062723c751e8b465ee728b)
Start importing Assets/Props/Materials/Rendering 12/Semitransparent Shadows Mat.mat using Guid(4ccf4a1cd9a4ee746be8c2f3cc5de419) Importer(815301076,1909f56bfc062723c751e8b465ee728b)  -> (artifact id: '677ac4e7de785ed3f7afcc87b2738b26') in 0.025532 seconds
Number of updated asset objects reloaded before import = 0
Number of asset objects unloaded after import = 2
========================================================================
Received Import Request.
  Time since last request: 4.304814 seconds.
  path: Assets/Props/Materials/Rendering 13/Semitransparent Shadows Mat.mat
  artifactKey: Guid(9bc00fcc93e3e944893656b96e8c61b1) Importer(815301076,1909f56bfc062723c751e8b465ee728b)
Start importing Assets/Props/Materials/Rendering 13/Semitransparent Shadows Mat.mat using Guid(9bc00fcc93e3e944893656b96e8c61b1) Importer(815301076,1909f56bfc062723c751e8b465ee728b)  -> (artifact id: '1851c3247408bfe9565817ee956ab021') in 0.014951 seconds
Number of updated asset objects reloaded before import = 0
Number of asset objects unloaded after import = 2
========================================================================
Received Import Request.
  Time since last request: 17.834304 seconds.
  path: Assets/Props/Materials/Rendering 13/Semitransparent Shadows Mat 2.mat
  artifactKey: Guid(9bc00fcc93e3e944893656b96e8c61b1) Importer(815301076,1909f56bfc062723c751e8b465ee728b)
Start importing Assets/Props/Materials/Rendering 13/Semitransparent Shadows Mat 2.mat using Guid(9bc00fcc93e3e944893656b96e8c61b1) Importer(815301076,1909f56bfc062723c751e8b465ee728b)  -> (artifact id: '78872b2f103566463c6b6eafc4a12db2') in 0.017999 seconds
Number of updated asset objects reloaded before import = 0
Number of asset objects unloaded after import = 2
========================================================================
Received Import Request.
  Time since last request: 22.485290 seconds.
  path: Assets/Props/Materials/Rendering 13/Circuitry 2.mat
  artifactKey: Guid(946300ad8c3de314c92fcc976d6885b6) Importer(815301076,1909f56bfc062723c751e8b465ee728b)
Start importing Assets/Props/Materials/Rendering 13/Circuitry 2.mat using Guid(946300ad8c3de314c92fcc976d6885b6) Importer(815301076,1909f56bfc062723c751e8b465ee728b)  -> (artifact id: '4e9a595de671ef59fbcdb0e96a38ecd9') in 0.050334 seconds
Number of updated asset objects reloaded before import = 0
Number of asset objects unloaded after import = 8
========================================================================
Received Import Request.
  Time since last request: 6.249925 seconds.
  path: Assets/Props/Materials/Rendering 13/Lava 3.mat
  artifactKey: Guid(98e482de49465874fbd4f42904c80625) Importer(815301076,1909f56bfc062723c751e8b465ee728b)
Start importing Assets/Props/Materials/Rendering 13/Lava 3.mat using Guid(98e482de49465874fbd4f42904c80625) Importer(815301076,1909f56bfc062723c751e8b465ee728b)  -> (artifact id: '7cd632be78160ff4e1dbcf5993dd44bf') in 0.195608 seconds
Number of updated asset objects reloaded before import = 0
Number of asset objects unloaded after import = 4
========================================================================
Received Import Request.
  Time since last request: 2.207644 seconds.
  path: Assets/Props/Materials/Rendering 13/Circuitry 3.mat
  artifactKey: Guid(946300ad8c3de314c92fcc976d6885b6) Importer(815301076,1909f56bfc062723c751e8b465ee728b)
Start importing Assets/Props/Materials/Rendering 13/Circuitry 3.mat using Guid(946300ad8c3de314c92fcc976d6885b6) Importer(815301076,1909f56bfc062723c751e8b465ee728b)  -> (artifact id: '8996f56700660edbcc42bc9c15238395') in 0.027923 seconds
Number of updated asset objects reloaded before import = 0
Number of asset objects unloaded after import = 8
========================================================================
Received Import Request.
  Time since last request: 63.530817 seconds.
  path: Assets/Props/Materials/Rendering 13/Semitransparent Shadows Mat 2.mat
  artifactKey: Guid(9bc00fcc93e3e944893656b96e8c61b1) Importer(815301076,1909f56bfc062723c751e8b465ee728b)
Start importing Assets/Props/Materials/Rendering 13/Semitransparent Shadows Mat 2.mat using Guid(9bc00fcc93e3e944893656b96e8c61b1) Importer(815301076,1909f56bfc062723c751e8b465ee728b)  -> (artifact id: 'c65cd0344587f7e25581ec634728ce99') in 0.199003 seconds
Number of updated asset objects reloaded before import = 0
Number of asset objects unloaded after import = 3
========================================================================
Received Import Request.
  Time since last request: 76.123127 seconds.
  path: Assets/Props/Materials/Rendering 13/Circuitry 3.mat
  artifactKey: Guid(946300ad8c3de314c92fcc976d6885b6) Importer(815301076,1909f56bfc062723c751e8b465ee728b)
Start importing Assets/Props/Materials/Rendering 13/Circuitry 3.mat using Guid(946300ad8c3de314c92fcc976d6885b6) Importer(815301076,1909f56bfc062723c751e8b465ee728b)  -> (artifact id: 'e69d5079b00128bd45adb88bde0a7ab5') in 0.226723 seconds
Number of updated asset objects reloaded before import = 0
Number of asset objects unloaded after import = 9
========================================================================
Received Import Request.
  Time since last request: 258.765714 seconds.
  path: Assets/Props/Materials/Rendering 13/Circuitry 3.mat
  artifactKey: Guid(946300ad8c3de314c92fcc976d6885b6) Importer(815301076,1909f56bfc062723c751e8b465ee728b)
Start importing Assets/Props/Materials/Rendering 13/Circuitry 3.mat using Guid(946300ad8c3de314c92fcc976d6885b6) Importer(815301076,1909f56bfc062723c751e8b465ee728b)  -> (artifact id: '3a5f2adcae73a1f5a16ba342ff4e1aba') in 0.236078 seconds
Number of updated asset objects reloaded before import = 0
Number of asset objects unloaded after import = 9
========================================================================
Received Import Request.
  Time since last request: 62588.800461 seconds.
  path: Assets/Props/Materials/Rendering 13/Circuitry 3.mat
  artifactKey: Guid(946300ad8c3de314c92fcc976d6885b6) Importer(815301076,1909f56bfc062723c751e8b465ee728b)
Start importing Assets/Props/Materials/Rendering 13/Circuitry 3.mat using Guid(946300ad8c3de314c92fcc976d6885b6) Importer(815301076,1909f56bfc062723c751e8b465ee728b) Shader error in '_MyShaders/_CatlikeCoding/13)Defered Rendering': undeclared identifier 'GetDetailMask' at Lighting.cginc(75) (on d3d11)

Compiling Subshader: 0, Pass: Forward Base Pass, Vertex program with _DETAIL_ALBEDO_MAP _DETAIL_MASK _DETAIL_NORMAL_MAP _EMISSION_MAP _METALLIC_MAP _NORMAL_MAP _OCCLUSION_MAP _SMOOTHNESS_METALLIC
Platform defines: SHADER_API_DESKTOP UNITY_COLORSPACE_GAMMA UNITY_ENABLE_DETAIL_NORMALMAP UNITY_ENABLE_REFLECTION_BUFFERS UNITY_LIGHTMAP_FULL_HDR UNITY_LIGHT_PROBE_PROXY_VOLUME UNITY_PASS_FORWARDBASE UNITY_PBS_USE_BRDF1 UNITY_SPECCUBE_BLENDING UNITY_SPECCUBE_BOX_PROJECTION UNITY_USE_DITHER_MASK_FOR_ALPHABLENDED_SHADOWS
Disabled keywords: SHADER_API_GLES30 SHADOWS_SCREEN UNITY_ASTC_NORMALMAP_ENCODING UNITY_FRAMEBUFFER_FETCH_AVAILABLE UNITY_HALF_PRECISION_FRAGMENT_SHADER_REGISTERS UNITY_HARDWARE_TIER1 UNITY_HARDWARE_TIER2 UNITY_HARDWARE_TIER3 UNITY_LIGHTMAP_DLDR_ENCODING UNITY_LIGHTMAP_RGBM_ENCODING UNITY_METAL_SHADOWS_USE_POINT_FILTERING UNITY_NO_DXT5nm UNITY_NO_FULL_STANDARD_SHADER UNITY_NO_SCREENSPACE_SHADOWS UNITY_PBS_USE_BRDF2 UNITY_PBS_USE_BRDF3 UNITY_PRETRANSFORM_TO_DISPLAY_ORIENTATION UNITY_UNIFIED_SHADER_PRECISION_MODEL UNITY_VIRTUAL_TEXTURING VERTEXLIGHT_ON _RENDERING_CUTOUT _RENDERING_FADE _RENDERING_TRANSPARENT _SMOOTHNESS_ALBEDO
Shader warning in '_MyShaders/_CatlikeCoding/13)Defered Rendering': Ignoring duplicate keyword line 'shader_feature _DETAIL_MASK'
Shader error in '_MyShaders/_CatlikeCoding/13)Defered Rendering': undeclared identifier 'GetDetailMask' at Lighting.cginc(75) (on d3d11)

Compiling Subshader: 0, Pass: Forward Base Pass, Vertex program with _DETAIL_ALBEDO_MAP _DETAIL_MASK _DETAIL_NORMAL_MAP _EMISSION_MAP _METALLIC_MAP _NORMAL_MAP _OCCLUSION_MAP _SMOOTHNESS_METALLIC
Platform defines: SHADER_API_DESKTOP UNITY_COLORSPACE_GAMMA UNITY_ENABLE_DETAIL_NORMALMAP UNITY_ENABLE_REFLECTION_BUFFERS UNITY_LIGHTMAP_FULL_HDR UNITY_LIGHT_PROBE_PROXY_VOLUME UNITY_PASS_FORWARDBASE UNITY_PBS_USE_BRDF1 UNITY_SPECCUBE_BLENDING UNITY_SPECCUBE_BOX_PROJECTION UNITY_USE_DITHER_MASK_FOR_ALPHABLENDED_SHADOWS
Disabled keywords: SHADER_API_GLES30 SHADOWS_SCREEN UNITY_ASTC_NORMALMAP_ENCODING UNITY_FRAMEBUFFER_FETCH_AVAILABLE UNITY_HALF_PRECISION_FRAGMENT_SHADER_REGISTERS UNITY_HARDWARE_TIER1 UNITY_HARDWARE_TIER2 UNITY_HARDWARE_TIER3 UNITY_LIGHTMAP_DLDR_ENCODING UNITY_LIGHTMAP_RGBM_ENCODING UNITY_METAL_SHADOWS_USE_POINT_FILTERING UNITY_NO_DXT5nm UNITY_NO_FULL_STANDARD_SHADER UNITY_NO_SCREENSPACE_SHADOWS UNITY_PBS_USE_BRDF2 UNITY_PBS_USE_BRDF3 UNITY_PRETRANSFORM_TO_DISPLAY_ORIENTATION UNITY_UNIFIED_SHADER_PRECISION_MODEL UNITY_VIRTUAL_TEXTURING VERTEXLIGHT_ON _RENDERING_CUTOUT _RENDERING_FADE _RENDERING_TRANSPARENT _SMOOTHNESS_ALBEDO
Shader warning in '_MyShaders/_CatlikeCoding/13)Defered Rendering': Ignoring duplicate keyword line 'shader_feature _DETAIL_MASK'
Shader error in '_MyShaders/_CatlikeCoding/13)Defered Rendering': undeclared identifier 'GetDetailMask' at Lighting.cginc(75) (on d3d11)

Compiling Subshader: 0, Pass: Forward Base Pass, Vertex program with _DETAIL_ALBEDO_MAP _DETAIL_MASK _DETAIL_NORMAL_MAP _EMISSION_MAP _METALLIC_MAP _NORMAL_MAP _OCCLUSION_MAP _SMOOTHNESS_METALLIC
Platform defines: SHADER_API_DESKTOP UNITY_COLORSPACE_GAMMA UNITY_ENABLE_DETAIL_NORMALMAP UNITY_ENABLE_REFLECTION_BUFFERS UNITY_LIGHTMAP_FULL_HDR UNITY_LIGHT_PROBE_PROXY_VOLUME UNITY_PASS_FORWARDBASE UNITY_PBS_USE_BRDF1 UNITY_SPECCUBE_BLENDING UNITY_SPECCUBE_BOX_PROJECTION UNITY_USE_DITHER_MASK_FOR_ALPHABLENDED_SHADOWS
Disabled keywords: SHADER_API_GLES30 SHADOWS_SCREEN UNITY_ASTC_NORMALMAP_ENCODING UNITY_FRAMEBUFFER_FETCH_AVAILABLE UNITY_HALF_PRECISION_FRAGMENT_SHADER_REGISTERS UNITY_HARDWARE_TIER1 UNITY_HARDWARE_TIER2 UNITY_HARDWARE_TIER3 UNITY_LIGHTMAP_DLDR_ENCODING UNITY_LIGHTMAP_RGBM_ENCODING UNITY_METAL_SHADOWS_USE_POINT_FILTERING UNITY_NO_DXT5nm UNITY_NO_FULL_STANDARD_SHADER UNITY_NO_SCREENSPACE_SHADOWS UNITY_PBS_USE_BRDF2 UNITY_PBS_USE_BRDF3 UNITY_PRETRANSFORM_TO_DISPLAY_ORIENTATION UNITY_UNIFIED_SHADER_PRECISION_MODEL UNITY_VIRTUAL_TEXTURING VERTEXLIGHT_ON _RENDERING_CUTOUT _RENDERING_FADE _RENDERING_TRANSPARENT _SMOOTHNESS_ALBEDO
Shader warning in '_MyShaders/_CatlikeCoding/13)Defered Rendering': Ignoring duplicate keyword line 'shader_feature _DETAIL_MASK'
Shader error in '_MyShaders/_CatlikeCoding/13)Defered Rendering': undeclared identifier 'GetDetailMask' at Lighting.cginc(75) (on d3d11)

Compiling Subshader: 0, Pass: Forward Base Pass, Vertex program with _DETAIL_ALBEDO_MAP _DETAIL_MASK _DETAIL_NORMAL_MAP _EMISSION_MAP _METALLIC_MAP _NORMAL_MAP _OCCLUSION_MAP _SMOOTHNESS_METALLIC
Platform defines: SHADER_API_DESKTOP UNITY_COLORSPACE_GAMMA UNITY_ENABLE_DETAIL_NORMALMAP UNITY_ENABLE_REFLECTION_BUFFERS UNITY_LIGHTMAP_FULL_HDR UNITY_LIGHT_PROBE_PROXY_VOLUME UNITY_PASS_FORWARDBASE UNITY_PBS_USE_BRDF1 UNITY_SPECCUBE_BLENDING UNITY_SPECCUBE_BOX_PROJECTION UNITY_USE_DITHER_MASK_FOR_ALPHABLENDED_SHADOWS
Disabled keywords: SHADER_API_GLES30 SHADOWS_SCREEN UNITY_ASTC_NORMALMAP_ENCODING UNITY_FRAMEBUFFER_FETCH_AVAILABLE UNITY_HALF_PRECISION_FRAGMENT_SHADER_REGISTERS UNITY_HARDWARE_TIER1 UNITY_HARDWARE_TIER2 UNITY_HARDWARE_TIER3 UNITY_LIGHTMAP_DLDR_ENCODING UNITY_LIGHTMAP_RGBM_ENCODING UNITY_METAL_SHADOWS_USE_POINT_FILTERING UNITY_NO_DXT5nm UNITY_NO_FULL_STANDARD_SHADER UNITY_NO_SCREENSPACE_SHADOWS UNITY_PBS_USE_BRDF2 UNITY_PBS_USE_BRDF3 UNITY_PRETRANSFORM_TO_DISPLAY_ORIENTATION UNITY_UNIFIED_SHADER_PRECISION_MODEL UNITY_VIRTUAL_TEXTURING VERTEXLIGHT_ON _RENDERING_CUTOUT _RENDERING_FADE _RENDERING_TRANSPARENT _SMOOTHNESS_ALBEDO
Shader warning in '_MyShaders/_CatlikeCoding/13)Defered Rendering': Ignoring duplicate keyword line 'shader_feature _DETAIL_MASK'
 -> (artifact id: 'e50f1db954d770a49ca4eb0acf2b2f7a') in 0.153077 seconds
Number of updated asset objects reloaded before import = 0
Number of asset objects unloaded after import = 9
========================================================================
Received Import Request.
  Time since last request: 384.043803 seconds.
  path: Assets/Props/Materials/Rendering 13/Circuitry 3.mat
  artifactKey: Guid(946300ad8c3de314c92fcc976d6885b6) Importer(815301076,1909f56bfc062723c751e8b465ee728b)
Start importing Assets/Props/Materials/Rendering 13/Circuitry 3.mat using Guid(946300ad8c3de314c92fcc976d6885b6) Importer(815301076,1909f56bfc062723c751e8b465ee728b) Shader error in '_MyShaders/_CatlikeCoding/13)Defered Rendering': undeclared identifier 'GetDetailMask' at Lighting.cginc(75) (on d3d11)

Compiling Subshader: 0, Pass: Forward Base Pass, Vertex program with _DETAIL_ALBEDO_MAP _DETAIL_MASK _DETAIL_NORMAL_MAP _EMISSION_MAP _METALLIC_MAP _NORMAL_MAP _OCCLUSION_MAP _SMOOTHNESS_METALLIC
Platform defines: SHADER_API_DESKTOP UNITY_COLORSPACE_GAMMA UNITY_ENABLE_DETAIL_NORMALMAP UNITY_ENABLE_REFLECTION_BUFFERS UNITY_LIGHTMAP_FULL_HDR UNITY_LIGHT_PROBE_PROXY_VOLUME UNITY_PASS_FORWARDBASE UNITY_PBS_USE_BRDF1 UNITY_SPECCUBE_BLENDING UNITY_SPECCUBE_BOX_PROJECTION UNITY_USE_DITHER_MASK_FOR_ALPHABLENDED_SHADOWS
Disabled keywords: SHADER_API_GLES30 SHADOWS_SCREEN UNITY_ASTC_NORMALMAP_ENCODING UNITY_FRAMEBUFFER_FETCH_AVAILABLE UNITY_HALF_PRECISION_FRAGMENT_SHADER_REGISTERS UNITY_HARDWARE_TIER1 UNITY_HARDWARE_TIER2 UNITY_HARDWARE_TIER3 UNITY_LIGHTMAP_DLDR_ENCODING UNITY_LIGHTMAP_RGBM_ENCODING UNITY_METAL_SHADOWS_USE_POINT_FILTERING UNITY_NO_DXT5nm UNITY_NO_FULL_STANDARD_SHADER UNITY_NO_SCREENSPACE_SHADOWS UNITY_PBS_USE_BRDF2 UNITY_PBS_USE_BRDF3 UNITY_PRETRANSFORM_TO_DISPLAY_ORIENTATION UNITY_UNIFIED_SHADER_PRECISION_MODEL UNITY_VIRTUAL_TEXTURING VERTEXLIGHT_ON _RENDERING_CUTOUT _RENDERING_FADE _RENDERING_TRANSPARENT _SMOOTHNESS_ALBEDO
Shader warning in '_MyShaders/_CatlikeCoding/13)Defered Rendering': Ignoring duplicate keyword line 'shader_feature _DETAIL_MASK'
Shader error in '_MyShaders/_CatlikeCoding/13)Defered Rendering': undeclared identifier 'GetDetailMask' at Lighting.cginc(75) (on d3d11)

Compiling Subshader: 0, Pass: Forward Base Pass, Vertex program with _DETAIL_ALBEDO_MAP _DETAIL_MASK _DETAIL_NORMAL_MAP _EMISSION_MAP _METALLIC_MAP _NORMAL_MAP _OCCLUSION_MAP _SMOOTHNESS_METALLIC
Platform defines: SHADER_API_DESKTOP UNITY_COLORSPACE_GAMMA UNITY_ENABLE_DETAIL_NORMALMAP UNITY_ENABLE_REFLECTION_BUFFERS UNITY_LIGHTMAP_FULL_HDR UNITY_LIGHT_PROBE_PROXY_VOLUME UNITY_PASS_FORWARDBASE UNITY_PBS_USE_BRDF1 UNITY_SPECCUBE_BLENDING UNITY_SPECCUBE_BOX_PROJECTION UNITY_USE_DITHER_MASK_FOR_ALPHABLENDED_SHADOWS
Disabled keywords: SHADER_API_GLES30 SHADOWS_SCREEN UNITY_ASTC_NORMALMAP_ENCODING UNITY_FRAMEBUFFER_FETCH_AVAILABLE UNITY_HALF_PRECISION_FRAGMENT_SHADER_REGISTERS UNITY_HARDWARE_TIER1 UNITY_HARDWARE_TIER2 UNITY_HARDWARE_TIER3 UNITY_LIGHTMAP_DLDR_ENCODING UNITY_LIGHTMAP_RGBM_ENCODING UNITY_METAL_SHADOWS_USE_POINT_FILTERING UNITY_NO_DXT5nm UNITY_NO_FULL_STANDARD_SHADER UNITY_NO_SCREENSPACE_SHADOWS UNITY_PBS_USE_BRDF2 UNITY_PBS_USE_BRDF3 UNITY_PRETRANSFORM_TO_DISPLAY_ORIENTATION UNITY_UNIFIED_SHADER_PRECISION_MODEL UNITY_VIRTUAL_TEXTURING VERTEXLIGHT_ON _RENDERING_CUTOUT _RENDERING_FADE _RENDERING_TRANSPARENT _SMOOTHNESS_ALBEDO
Shader warning in '_MyShaders/_CatlikeCoding/13)Defered Rendering': Ignoring duplicate keyword line 'shader_feature _DETAIL_MASK'
Shader error in '_MyShaders/_CatlikeCoding/13)Defered Rendering': undeclared identifier 'GetDetailMask' at Lighting.cginc(75) (on d3d11)

Compiling Subshader: 0, Pass: Forward Base Pass, Vertex program with _DETAIL_ALBEDO_MAP _DETAIL_MASK _DETAIL_NORMAL_MAP _EMISSION_MAP _METALLIC_MAP _NORMAL_MAP _OCCLUSION_MAP _SMOOTHNESS_METALLIC
Platform defines: SHADER_API_DESKTOP UNITY_COLORSPACE_GAMMA UNITY_ENABLE_DETAIL_NORMALMAP UNITY_ENABLE_REFLECTION_BUFFERS UNITY_LIGHTMAP_FULL_HDR UNITY_LIGHT_PROBE_PROXY_VOLUME UNITY_PASS_FORWARDBASE UNITY_PBS_USE_BRDF1 UNITY_SPECCUBE_BLENDING UNITY_SPECCUBE_BOX_PROJECTION UNITY_USE_DITHER_MASK_FOR_ALPHABLENDED_SHADOWS
Disabled keywords: SHADER_API_GLES30 SHADOWS_SCREEN UNITY_ASTC_NORMALMAP_ENCODING UNITY_FRAMEBUFFER_FETCH_AVAILABLE UNITY_HALF_PRECISION_FRAGMENT_SHADER_REGISTERS UNITY_HARDWARE_TIER1 UNITY_HARDWARE_TIER2 UNITY_HARDWARE_TIER3 UNITY_LIGHTMAP_DLDR_ENCODING UNITY_LIGHTMAP_RGBM_ENCODING UNITY_METAL_SHADOWS_USE_POINT_FILTERING UNITY_NO_DXT5nm UNITY_NO_FULL_STANDARD_SHADER UNITY_NO_SCREENSPACE_SHADOWS UNITY_PBS_USE_BRDF2 UNITY_PBS_USE_BRDF3 UNITY_PRETRANSFORM_TO_DISPLAY_ORIENTATION UNITY_UNIFIED_SHADER_PRECISION_MODEL UNITY_VIRTUAL_TEXTURING VERTEXLIGHT_ON _RENDERING_CUTOUT _RENDERING_FADE _RENDERING_TRANSPARENT _SMOOTHNESS_ALBEDO
Shader warning in '_MyShaders/_CatlikeCoding/13)Defered Rendering': Ignoring duplicate keyword line 'shader_feature _DETAIL_MASK'
Shader error in '_MyShaders/_CatlikeCoding/13)Defered Rendering': undeclared identifier 'GetDetailMask' at Lighting.cginc(75) (on d3d11)

Compiling Subshader: 0, Pass: Forward Base Pass, Vertex program with _DETAIL_ALBEDO_MAP _DETAIL_MASK _DETAIL_NORMAL_MAP _EMISSION_MAP _METALLIC_MAP _NORMAL_MAP _OCCLUSION_MAP _SMOOTHNESS_METALLIC
Platform defines: SHADER_API_DESKTOP UNITY_COLORSPACE_GAMMA UNITY_ENABLE_DETAIL_NORMALMAP UNITY_ENABLE_REFLECTION_BUFFERS UNITY_LIGHTMAP_FULL_HDR UNITY_LIGHT_PROBE_PROXY_VOLUME UNITY_PASS_FORWARDBASE UNITY_PBS_USE_BRDF1 UNITY_SPECCUBE_BLENDING UNITY_SPECCUBE_BOX_PROJECTION UNITY_USE_DITHER_MASK_FOR_ALPHABLENDED_SHADOWS
Disabled keywords: SHADER_API_GLES30 SHADOWS_SCREEN UNITY_ASTC_NORMALMAP_ENCODING UNITY_FRAMEBUFFER_FETCH_AVAILABLE UNITY_HALF_PRECISION_FRAGMENT_SHADER_REGISTERS UNITY_HARDWARE_TIER1 UNITY_HARDWARE_TIER2 UNITY_HARDWARE_TIER3 UNITY_LIGHTMAP_DLDR_ENCODING UNITY_LIGHTMAP_RGBM_ENCODING UNITY_METAL_SHADOWS_USE_POINT_FILTERING UNITY_NO_DXT5nm UNITY_NO_FULL_STANDARD_SHADER UNITY_NO_SCREENSPACE_SHADOWS UNITY_PBS_USE_BRDF2 UNITY_PBS_USE_BRDF3 UNITY_PRETRANSFORM_TO_DISPLAY_ORIENTATION UNITY_UNIFIED_SHADER_PRECISION_MODEL UNITY_VIRTUAL_TEXTURING VERTEXLIGHT_ON _RENDERING_CUTOUT _RENDERING_FADE _RENDERING_TRANSPARENT _SMOOTHNESS_ALBEDO
Shader warning in '_MyShaders/_CatlikeCoding/13)Defered Rendering': Ignoring duplicate keyword line 'shader_feature _DETAIL_MASK'
 -> (artifact id: '5323eb204288119cea19286a1393aad5') in 0.106933 seconds
Number of updated asset objects reloaded before import = 0
Number of asset objects unloaded after import = 9
========================================================================
Received Import Request.
  Time since last request: 321.527825 seconds.
  path: Assets/Props/Scripts/Rendering 13/My Lighting.cginc
  artifactKey: Guid(b6ee1ae4c15fa744bbb98a39f667dcc2) Importer(815301076,1909f56bfc062723c751e8b465ee728b)
Start importing Assets/Props/Scripts/Rendering 13/My Lighting.cginc using Guid(b6ee1ae4c15fa744bbb98a39f667dcc2) Importer(815301076,1909f56bfc062723c751e8b465ee728b)  -> (artifact id: 'abbdbea225f0c6e20bf5c181c1c867be') in 0.001675 seconds
Number of updated asset objects reloaded before import = 0
Number of asset objects unloaded after import = 1
========================================================================
Received Import Request.
  Time since last request: 636.986729 seconds.
  path: Assets/Props/Scripts/Rendering 13/My Lighting.cginc
  artifactKey: Guid(b6ee1ae4c15fa744bbb98a39f667dcc2) Importer(815301076,1909f56bfc062723c751e8b465ee728b)
Start importing Assets/Props/Scripts/Rendering 13/My Lighting.cginc using Guid(b6ee1ae4c15fa744bbb98a39f667dcc2) Importer(815301076,1909f56bfc062723c751e8b465ee728b)  -> (artifact id: '13f54444f038ba619327c81d0c671522') in 0.001204 seconds
Number of updated asset objects reloaded before import = 0
Number of asset objects unloaded after import = 1
========================================================================
Received Import Request.
  Time since last request: 58.481022 seconds.
  path: Assets/Props/Materials/Rendering 13/Circuitry 3.mat
  artifactKey: Guid(946300ad8c3de314c92fcc976d6885b6) Importer(815301076,1909f56bfc062723c751e8b465ee728b)
Start importing Assets/Props/Materials/Rendering 13/Circuitry 3.mat using Guid(946300ad8c3de314c92fcc976d6885b6) Importer(815301076,1909f56bfc062723c751e8b465ee728b) Shader error in '_MyShaders/_CatlikeCoding/13)Defered Rendering': undeclared identifier 'GetDetailMask' at Lighting.cginc(75) (on d3d11)

Compiling Subshader: 0, Pass: Forward Base Pass, Vertex program with _DETAIL_ALBEDO_MAP _DETAIL_MASK _DETAIL_NORMAL_MAP _EMISSION_MAP _METALLIC_MAP _NORMAL_MAP _OCCLUSION_MAP _SMOOTHNESS_METALLIC
Platform defines: SHADER_API_DESKTOP UNITY_COLORSPACE_GAMMA UNITY_ENABLE_DETAIL_NORMALMAP UNITY_ENABLE_REFLECTION_BUFFERS UNITY_LIGHTMAP_FULL_HDR UNITY_LIGHT_PROBE_PROXY_VOLUME UNITY_PASS_FORWARDBASE UNITY_PBS_USE_BRDF1 UNITY_SPECCUBE_BLENDING UNITY_SPECCUBE_BOX_PROJECTION UNITY_USE_DITHER_MASK_FOR_ALPHABLENDED_SHADOWS
Disabled keywords: SHADER_API_GLES30 SHADOWS_SCREEN UNITY_ASTC_NORMALMAP_ENCODING UNITY_FRAMEBUFFER_FETCH_AVAILABLE UNITY_HALF_PRECISION_FRAGMENT_SHADER_REGISTERS UNITY_HARDWARE_TIER1 UNITY_HARDWARE_TIER2 UNITY_HARDWARE_TIER3 UNITY_LIGHTMAP_DLDR_ENCODING UNITY_LIGHTMAP_RGBM_ENCODING UNITY_METAL_SHADOWS_USE_POINT_FILTERING UNITY_NO_DXT5nm UNITY_NO_FULL_STANDARD_SHADER UNITY_NO_SCREENSPACE_SHADOWS UNITY_PBS_USE_BRDF2 UNITY_PBS_USE_BRDF3 UNITY_PRETRANSFORM_TO_DISPLAY_ORIENTATION UNITY_UNIFIED_SHADER_PRECISION_MODEL UNITY_VIRTUAL_TEXTURING VERTEXLIGHT_ON _RENDERING_CUTOUT _RENDERING_FADE _RENDERING_TRANSPARENT _SMOOTHNESS_ALBEDO
Shader warning in '_MyShaders/_CatlikeCoding/13)Defered Rendering': Ignoring duplicate keyword line 'shader_feature _DETAIL_MASK'
Shader error in '_MyShaders/_CatlikeCoding/13)Defered Rendering': undeclared identifier 'GetDetailMask' at Lighting.cginc(75) (on d3d11)

Compiling Subshader: 0, Pass: Forward Base Pass, Vertex program with _DETAIL_ALBEDO_MAP _DETAIL_MASK _DETAIL_NORMAL_MAP _EMISSION_MAP _METALLIC_MAP _NORMAL_MAP _OCCLUSION_MAP _SMOOTHNESS_METALLIC
Platform defines: SHADER_API_DESKTOP UNITY_COLORSPACE_GAMMA UNITY_ENABLE_DETAIL_NORMALMAP UNITY_ENABLE_REFLECTION_BUFFERS UNITY_LIGHTMAP_FULL_HDR UNITY_LIGHT_PROBE_PROXY_VOLUME UNITY_PASS_FORWARDBASE UNITY_PBS_USE_BRDF1 UNITY_SPECCUBE_BLENDING UNITY_SPECCUBE_BOX_PROJECTION UNITY_USE_DITHER_MASK_FOR_ALPHABLENDED_SHADOWS
Disabled keywords: SHADER_API_GLES30 SHADOWS_SCREEN UNITY_ASTC_NORMALMAP_ENCODING UNITY_FRAMEBUFFER_FETCH_AVAILABLE UNITY_HALF_PRECISION_FRAGMENT_SHADER_REGISTERS UNITY_HARDWARE_TIER1 UNITY_HARDWARE_TIER2 UNITY_HARDWARE_TIER3 UNITY_LIGHTMAP_DLDR_ENCODING UNITY_LIGHTMAP_RGBM_ENCODING UNITY_METAL_SHADOWS_USE_POINT_FILTERING UNITY_NO_DXT5nm UNITY_NO_FULL_STANDARD_SHADER UNITY_NO_SCREENSPACE_SHADOWS UNITY_PBS_USE_BRDF2 UNITY_PBS_USE_BRDF3 UNITY_PRETRANSFORM_TO_DISPLAY_ORIENTATION UNITY_UNIFIED_SHADER_PRECISION_MODEL UNITY_VIRTUAL_TEXTURING VERTEXLIGHT_ON _RENDERING_CUTOUT _RENDERING_FADE _RENDERING_TRANSPARENT _SMOOTHNESS_ALBEDO
Shader warning in '_MyShaders/_CatlikeCoding/13)Defered Rendering': Ignoring duplicate keyword line 'shader_feature _DETAIL_MASK'
Shader error in '_MyShaders/_CatlikeCoding/13)Defered Rendering': undeclared identifier 'GetDetailMask' at Lighting.cginc(75) (on d3d11)

Compiling Subshader: 0, Pass: Forward Base Pass, Vertex program with _DETAIL_ALBEDO_MAP _DETAIL_MASK _DETAIL_NORMAL_MAP _EMISSION_MAP _METALLIC_MAP _NORMAL_MAP _OCCLUSION_MAP _SMOOTHNESS_METALLIC
Platform defines: SHADER_API_DESKTOP UNITY_COLORSPACE_GAMMA UNITY_ENABLE_DETAIL_NORMALMAP UNITY_ENABLE_REFLECTION_BUFFERS UNITY_LIGHTMAP_FULL_HDR UNITY_LIGHT_PROBE_PROXY_VOLUME UNITY_PASS_FORWARDBASE UNITY_PBS_USE_BRDF1 UNITY_SPECCUBE_BLENDING UNITY_SPECCUBE_BOX_PROJECTION UNITY_USE_DITHER_MASK_FOR_ALPHABLENDED_SHADOWS
Disabled keywords: SHADER_API_GLES30 SHADOWS_SCREEN UNITY_ASTC_NORMALMAP_ENCODING UNITY_FRAMEBUFFER_FETCH_AVAILABLE UNITY_HALF_PRECISION_FRAGMENT_SHADER_REGISTERS UNITY_HARDWARE_TIER1 UNITY_HARDWARE_TIER2 UNITY_HARDWARE_TIER3 UNITY_LIGHTMAP_DLDR_ENCODING UNITY_LIGHTMAP_RGBM_ENCODING UNITY_METAL_SHADOWS_USE_POINT_FILTERING UNITY_NO_DXT5nm UNITY_NO_FULL_STANDARD_SHADER UNITY_NO_SCREENSPACE_SHADOWS UNITY_PBS_USE_BRDF2 UNITY_PBS_USE_BRDF3 UNITY_PRETRANSFORM_TO_DISPLAY_ORIENTATION UNITY_UNIFIED_SHADER_PRECISION_MODEL UNITY_VIRTUAL_TEXTURING VERTEXLIGHT_ON _RENDERING_CUTOUT _RENDERING_FADE _RENDERING_TRANSPARENT _SMOOTHNESS_ALBEDO
Shader warning in '_MyShaders/_CatlikeCoding/13)Defered Rendering': Ignoring duplicate keyword line 'shader_feature _DETAIL_MASK'
Shader error in '_MyShaders/_CatlikeCoding/13)Defered Rendering': undeclared identifier 'GetDetailMask' at Lighting.cginc(75) (on d3d11)

Compiling Subshader: 0, Pass: Forward Base Pass, Vertex program with _DETAIL_ALBEDO_MAP _DETAIL_MASK _DETAIL_NORMAL_MAP _EMISSION_MAP _METALLIC_MAP _NORMAL_MAP _OCCLUSION_MAP _SMOOTHNESS_METALLIC
Platform defines: SHADER_API_DESKTOP UNITY_COLORSPACE_GAMMA UNITY_ENABLE_DETAIL_NORMALMAP UNITY_ENABLE_REFLECTION_BUFFERS UNITY_LIGHTMAP_FULL_HDR UNITY_LIGHT_PROBE_PROXY_VOLUME UNITY_PASS_FORWARDBASE UNITY_PBS_USE_BRDF1 UNITY_SPECCUBE_BLENDING UNITY_SPECCUBE_BOX_PROJECTION UNITY_USE_DITHER_MASK_FOR_ALPHABLENDED_SHADOWS
Disabled keywords: SHADER_API_GLES30 SHADOWS_SCREEN UNITY_ASTC_NORMALMAP_ENCODING UNITY_FRAMEBUFFER_FETCH_AVAILABLE UNITY_HALF_PRECISION_FRAGMENT_SHADER_REGISTERS UNITY_HARDWARE_TIER1 UNITY_HARDWARE_TIER2 UNITY_HARDWARE_TIER3 UNITY_LIGHTMAP_DLDR_ENCODING UNITY_LIGHTMAP_RGBM_ENCODING UNITY_METAL_SHADOWS_USE_POINT_FILTERING UNITY_NO_DXT5nm UNITY_NO_FULL_STANDARD_SHADER UNITY_NO_SCREENSPACE_SHADOWS UNITY_PBS_USE_BRDF2 UNITY_PBS_USE_BRDF3 UNITY_PRETRANSFORM_TO_DISPLAY_ORIENTATION UNITY_UNIFIED_SHADER_PRECISION_MODEL UNITY_VIRTUAL_TEXTURING VERTEXLIGHT_ON _RENDERING_CUTOUT _RENDERING_FADE _RENDERING_TRANSPARENT _SMOOTHNESS_ALBEDO
Shader warning in '_MyShaders/_CatlikeCoding/13)Defered Rendering': Ignoring duplicate keyword line 'shader_feature _DETAIL_MASK'
 -> (artifact id: '6f2fd92c233df2460d266bcd9bb3df77') in 0.057159 seconds
Number of updated asset objects reloaded before import = 0
Number of asset objects unloaded after import = 9
========================================================================
Received Import Request.
  Time since last request: 0.000020 seconds.
  path: Assets/Props/Materials/Rendering 13/Semitransparent Shadows Mat 2.mat
  artifactKey: Guid(9bc00fcc93e3e944893656b96e8c61b1) Importer(815301076,1909f56bfc062723c751e8b465ee728b)
Start importing Assets/Props/Materials/Rendering 13/Semitransparent Shadows Mat 2.mat using Guid(9bc00fcc93e3e944893656b96e8c61b1) Importer(815301076,1909f56bfc062723c751e8b465ee728b)  -> (artifact id: 'f106d75f548eb151e4525ee3db9cfc1d') in 0.238902 seconds
Number of updated asset objects reloaded before import = 0
Number of asset objects unloaded after import = 3
========================================================================
Received Import Request.
  Time since last request: 944.433008 seconds.
  path: Assets/Props/Scripts/Rendering 13/My Lighting.cginc
  artifactKey: Guid(b6ee1ae4c15fa744bbb98a39f667dcc2) Importer(815301076,1909f56bfc062723c751e8b465ee728b)
Start importing Assets/Props/Scripts/Rendering 13/My Lighting.cginc using Guid(b6ee1ae4c15fa744bbb98a39f667dcc2) Importer(815301076,1909f56bfc062723c751e8b465ee728b)  -> (artifact id: 'de9feac2d9aba76408201d57acf38e36') in 0.001362 seconds
Number of updated asset objects reloaded before import = 0
Number of asset objects unloaded after import = 1
========================================================================
Received Import Request.
  Time since last request: 12.871850 seconds.
  path: Assets/Scenes/13.unity
  artifactKey: Guid(c9a9fc5cd5304574ca09e7b964d9f4de) Importer(815301076,1909f56bfc062723c751e8b465ee728b)
Start importing Assets/Scenes/13.unity using Guid(c9a9fc5cd5304574ca09e7b964d9f4de) Importer(815301076,1909f56bfc062723c751e8b465ee728b)  -> (artifact id: 'b9db3c66775f7259f5f1d10ef03f6454') in 0.000418 seconds
Number of updated asset objects reloaded before import = 0
Number of asset objects unloaded after import = 0
========================================================================
Received Import Request.
  Time since last request: 1457.118066 seconds.
  path: Assets/Props/Materials/Rendering 13/Circuitry 3.mat
  artifactKey: Guid(946300ad8c3de314c92fcc976d6885b6) Importer(815301076,1909f56bfc062723c751e8b465ee728b)
Start importing Assets/Props/Materials/Rendering 13/Circuitry 3.mat using Guid(946300ad8c3de314c92fcc976d6885b6) Importer(815301076,1909f56bfc062723c751e8b465ee728b)  -> (artifact id: 'f89a628a848089375e1c35ce808c87ad') in 0.271315 seconds
Number of updated asset objects reloaded before import = 0
Number of asset objects unloaded after import = 9
========================================================================
Received Import Request.
  Time since last request: 8.675759 seconds.
  path: Assets/Props/Materials/Rendering 13/Reflection Mat.mat
  artifactKey: Guid(ff96e76f81cee4241b40df1adca66b5f) Importer(815301076,1909f56bfc062723c751e8b465ee728b)
Start importing Assets/Props/Materials/Rendering 13/Reflection Mat.mat using Guid(ff96e76f81cee4241b40df1adca66b5f) Importer(815301076,1909f56bfc062723c751e8b465ee728b)  -> (artifact id: '501e70c5f104366e9b3321348ba8dfb5') in 0.021749 seconds
Number of updated asset objects reloaded before import = 0
Number of asset objects unloaded after import = 1
========================================================================
Received Import Request.
  Time since last request: 16.388847 seconds.
  path: Assets/Props/Materials/Rendering 8/Reflections.mat
  artifactKey: Guid(dc3fe176ee664884495c21f4ef2e1502) Importer(815301076,1909f56bfc062723c751e8b465ee728b)
Start importing Assets/Props/Materials/Rendering 8/Reflections.mat using Guid(dc3fe176ee664884495c21f4ef2e1502) Importer(815301076,1909f56bfc062723c751e8b465ee728b)  -> (artifact id: '0b97dd67c9b04fbeb551a222659d47fe') in 0.087018 seconds
Number of updated asset objects reloaded before import = 0
Number of asset objects unloaded after import = 1
========================================================================
Received Import Request.
  Time since last request: 84.169389 seconds.
  path: Assets/Props/Materials/Rendering 13/Reflection Mat.mat
  artifactKey: Guid(ff96e76f81cee4241b40df1adca66b5f) Importer(815301076,1909f56bfc062723c751e8b465ee728b)
Start importing Assets/Props/Materials/Rendering 13/Reflection Mat.mat using Guid(ff96e76f81cee4241b40df1adca66b5f) Importer(815301076,1909f56bfc062723c751e8b465ee728b)  -> (artifact id: '4c6552b7885457b99550bf26e2f613a3') in 0.200406 seconds
Number of updated asset objects reloaded before import = 0
Number of asset objects unloaded after import = 2
========================================================================
Received Import Request.
  Time since last request: 222.656583 seconds.
  path: Assets/Scenes/13/ReflectionProbe-0.exr
  artifactKey: Guid(aec06b026e409a1439e067d225c59e30) Importer(815301076,1909f56bfc062723c751e8b465ee728b)
Start importing Assets/Scenes/13/ReflectionProbe-0.exr using Guid(aec06b026e409a1439e067d225c59e30) Importer(815301076,1909f56bfc062723c751e8b465ee728b)  -> (artifact id: '474df53f38e65b54ef660590c65a8a67') in 0.235945 seconds
Number of updated asset objects reloaded before import = 0
Number of asset objects unloaded after import = 1
========================================================================
Received Import Request.
  Time since last request: 0.000019 seconds.
  path: Assets/Scenes/13/ReflectionProbe-3.exr
  artifactKey: Guid(d615522acf178fc4b9cbb2a8ee9ca118) Importer(815301076,1909f56bfc062723c751e8b465ee728b)
Start importing Assets/Scenes/13/ReflectionProbe-3.exr using Guid(d615522acf178fc4b9cbb2a8ee9ca118) Importer(815301076,1909f56bfc062723c751e8b465ee728b)  -> (artifact id: '30c552784a1cbfbd06c82a6e3cab27f0') in 0.110188 seconds
Number of updated asset objects reloaded before import = 0
Number of asset objects unloaded after import = 1
========================================================================
Received Import Request.
  Time since last request: 19.484482 seconds.
  path: Assets/Scenes/13
  artifactKey: Guid(6b991dc295660124ea75956068929347) Importer(815301076,1909f56bfc062723c751e8b465ee728b)
Start importing Assets/Scenes/13 using Guid(6b991dc295660124ea75956068929347) Importer(815301076,1909f56bfc062723c751e8b465ee728b)  -> (artifact id: 'bcb472087484fbb344c7c3ebe77d11d6') in 0.000618 seconds
Number of updated asset objects reloaded before import = 0
Number of asset objects unloaded after import = 0
========================================================================
Received Import Request.
  Time since last request: 0.054898 seconds.
  path: Assets/Scenes/13/LightingData.asset
  artifactKey: Guid(03194aba9ddecec4aa2b7478843d0863) Importer(815301076,1909f56bfc062723c751e8b465ee728b)
Start importing Assets/Scenes/13/LightingData.asset using Guid(03194aba9ddecec4aa2b7478843d0863) Importer(815301076,1909f56bfc062723c751e8b465ee728b)  -> (artifact id: '09a5475800ea0141fadec88860f33f4a') in 0.001511 seconds
Number of updated asset objects reloaded before import = 0
Number of asset objects unloaded after import = 1
========================================================================
Received Import Request.
  Time since last request: 0.096197 seconds.
  path: Assets/Scenes/13/Lightmap-0_comp_light.exr
  artifactKey: Guid(2089491583f52ac46a6af5d8158e4d54) Importer(815301076,1909f56bfc062723c751e8b465ee728b)
Start importing Assets/Scenes/13/Lightmap-0_comp_light.exr using Guid(2089491583f52ac46a6af5d8158e4d54) Importer(815301076,1909f56bfc062723c751e8b465ee728b)  -> (artifact id: '8047bd1e554f4d5a844ee46a79c63662') in 0.132301 seconds
Number of updated asset objects reloaded before import = 0
Number of asset objects unloaded after import = 2
========================================================================
Received Import Request.
  Time since last request: 0.000022 seconds.
  path: Assets/Scenes/13/Lightmap-2_comp_dir.png
  artifactKey: Guid(f3fa7e7608b9f2345a546e55c0dede7f) Importer(815301076,1909f56bfc062723c751e8b465ee728b)
Start importing Assets/Scenes/13/Lightmap-2_comp_dir.png using Guid(f3fa7e7608b9f2345a546e55c0dede7f) Importer(815301076,1909f56bfc062723c751e8b465ee728b)  -> (artifact id: '5627ac38b8d60caafffeec80762801cd') in 0.196074 seconds
Number of updated asset objects reloaded before import = 0
Number of asset objects unloaded after import = 2
========================================================================
Received Import Request.
  Time since last request: 0.000030 seconds.
  path: Assets/Scenes/13/Lightmap-2_comp_light.exr
  artifactKey: Guid(15030c24564ddd34aaed0362ceae1f73) Importer(815301076,1909f56bfc062723c751e8b465ee728b)
Start importing Assets/Scenes/13/Lightmap-2_comp_light.exr using Guid(15030c24564ddd34aaed0362ceae1f73) Importer(815301076,1909f56bfc062723c751e8b465ee728b)  -> (artifact id: '605b5a7e33a10faf1fcd951df67dfb0e') in 0.035613 seconds
Number of updated asset objects reloaded before import = 0
Number of asset objects unloaded after import = 2
========================================================================
Received Prepare
Begin MonoManager ReloadAssembly
Symbol file LoadedFromMemory doesn't match image D:\projects\Git\CatlikeCoding-Rendering\Rendering\Library\PackageCache\com.unity.visualscripting@1.8.0\Editor\VisualScripting.Core\Dependencies\YamlDotNet\Unity.VisualScripting.YamlDotNet.dll
Symbol file LoadedFromMemory doesn't match image D:\projects\Git\CatlikeCoding-Rendering\Rendering\Library\PackageCache\com.unity.visualscripting@1.8.0\Editor\VisualScripting.Core\Dependencies\DotNetZip\Unity.VisualScripting.IonicZip.dll
- Loaded All Assemblies, in  7.403 seconds
Refreshing native plugins compatible for Editor in 2.22 ms, found 3 plugins.
Native extension for UWP target not found
Native extension for WindowsStandalone target not found
Mono: successfully reloaded assembly
- Finished resetting the current domain, in  0.924 seconds
Domain Reload Profiling: 8328ms
	BeginReloadAssembly (336ms)
		ExecutionOrderSort (0ms)
		DisableScriptedObjects (7ms)
		BackupInstance (0ms)
		ReleaseScriptingObjects (0ms)
		CreateAndSetChildDomain (120ms)
	RebuildCommonClasses (43ms)
	RebuildNativeTypeToScriptingClass (11ms)
	initialDomainReloadingComplete (29ms)
	LoadAllAssembliesAndSetupDomain (6984ms)
		LoadAssemblies (7120ms)
		RebuildTransferFunctionScriptingTraits (0ms)
		AnalyzeDomain (16ms)
			TypeCache.Refresh (7ms)
				TypeCache.ScanAssembly (0ms)
			ScanForSourceGeneratedMonoScriptInfo (0ms)
			ResolveRequiredComponents (7ms)
	FinalizeReload (925ms)
		ReleaseScriptCaches (0ms)
		RebuildScriptCaches (0ms)
		SetupLoadedEditorAssemblies (465ms)
			LogAssemblyErrors (0ms)
			InitializePlatformSupportModulesInManaged (8ms)
			SetLoadedEditorAssemblies (6ms)
			RefreshPlugins (0ms)
			BeforeProcessingInitializeOnLoad (89ms)
			ProcessInitializeOnLoadAttributes (338ms)
			ProcessInitializeOnLoadMethodAttributes (22ms)
			AfterProcessingInitializeOnLoad (3ms)
			EditorAssembliesLoaded (0ms)
		ExecutionOrderSort2 (0ms)
		AwakeInstancesAfterBackupRestoration (11ms)
Refreshing native plugins compatible for Editor in 1.81 ms, found 3 plugins.
Preloading 0 native plugins for Editor in 0.00 ms.
Unloading 3068 Unused Serialized files (Serialized files now loaded: 0)
Unloading 22 unused Assets / (30.5 KB). Loaded Objects now: 3602.
Memory consumption went from 119.7 MB to 119.7 MB.
Total: 3.554600 ms (FindLiveObjects: 0.251200 ms CreateObjectMapping: 0.232600 ms MarkObjects: 3.006400 ms  DeleteObjects: 0.063600 ms)

Prepare: number of updated asset objects reloaded= 0
AssetImportParameters requested are different than current active one (requested -> active):
  custom:container-demuxer-ogg: 62fdf1f143b41e24485cea50d1cbac27 -> 
  custom:video-decoder-ogg-theora: a1e56fd34408186e4bbccfd4996cb3dc -> 
  custom:framework-win-MediaFoundation: 216162199b28c13a410421893ffa2e32 -> 
  custom:CustomObjectIndexerAttribute: 756ad292c208cfabdd7b50bc23989ffe -> 
  custom:container-demuxer-webm: 4f35f7cbe854078d1ac9338744f61a02 -> 
  custom:container-muxer-webm: aa71ff27fc2769a1b78a27578f13a17b -> 
  custom:video-decoder-webm-vp8: 9c59270c3fd7afecdb556c50c9e8de78 -> 
  custom:SearchIndexIgnoredProperties: e643bd26f0fe6173181afceb89e7c659 -> 
  custom:AudioImporter_EditorPlatform: d09bf68614088b80899f8185d706f6e7 -> 
  custom:video-encoder-webm-vp8: eb34c28f22e8b96e1ab97ce403110664 -> 
  custom:audio-decoder-ogg-vorbis: bf7c407c2cedff20999df2af8eb42d56 -> 
  custom:audio-encoder-webm-vorbis: bf7c407c2cedff20999df2af8eb42d56 -> 
========================================================================
Received Import Request.
  Time since last request: 431.535129 seconds.
  path: Assets/Props/Textures/9-10/Materials/circuitry-metallic-occlusion-smoothness.mat
  artifactKey: Guid(efe9921f0fdd1de45b9dc0f3a2120123) Importer(815301076,1909f56bfc062723c751e8b465ee728b)
Start importing Assets/Props/Textures/9-10/Materials/circuitry-metallic-occlusion-smoothness.mat using Guid(efe9921f0fdd1de45b9dc0f3a2120123) Importer(815301076,1909f56bfc062723c751e8b465ee728b)  -> (artifact id: '42750ec6794a3a2f2aa03e89ec9ccc28') in 0.171972 seconds
Number of updated asset objects reloaded before import = 0
Number of asset objects unloaded after import = 2
========================================================================
Received Import Request.
  Time since last request: 2.604715 seconds.
  path: Assets/Props/Scripts/Rendering 8/MoveBetweenPoints.cs
  artifactKey: Guid(9ff448191b891444c8164bb62217bfb3) Importer(815301076,1909f56bfc062723c751e8b465ee728b)
Start importing Assets/Props/Scripts/Rendering 8/MoveBetweenPoints.cs using Guid(9ff448191b891444c8164bb62217bfb3) Importer(815301076,1909f56bfc062723c751e8b465ee728b)  -> (artifact id: '3289b311f41c6f5f531fa721f51b1ae6') in 0.000424 seconds
Number of updated asset objects reloaded before import = 0
Number of asset objects unloaded after import = 0
========================================================================
Received Prepare
Begin MonoManager ReloadAssembly
Symbol file LoadedFromMemory doesn't match image D:\projects\Git\CatlikeCoding-Rendering\Rendering\Library\PackageCache\com.unity.visualscripting@1.8.0\Editor\VisualScripting.Core\Dependencies\YamlDotNet\Unity.VisualScripting.YamlDotNet.dll
Symbol file LoadedFromMemory doesn't match image D:\projects\Git\CatlikeCoding-Rendering\Rendering\Library\PackageCache\com.unity.visualscripting@1.8.0\Editor\VisualScripting.Core\Dependencies\DotNetZip\Unity.VisualScripting.IonicZip.dll
- Loaded All Assemblies, in  0.518 seconds
Refreshing native plugins compatible for Editor in 1.81 ms, found 3 plugins.
Native extension for UWP target not found
Native extension for WindowsStandalone target not found
Mono: successfully reloaded assembly
- Finished resetting the current domain, in  0.747 seconds
Domain Reload Profiling: 1265ms
	BeginReloadAssembly (208ms)
		ExecutionOrderSort (0ms)
		DisableScriptedObjects (5ms)
		BackupInstance (0ms)
		ReleaseScriptingObjects (0ms)
		CreateAndSetChildDomain (45ms)
	RebuildCommonClasses (32ms)
	RebuildNativeTypeToScriptingClass (11ms)
	initialDomainReloadingComplete (26ms)
	LoadAllAssembliesAndSetupDomain (241ms)
		LoadAssemblies (354ms)
		RebuildTransferFunctionScriptingTraits (0ms)
		AnalyzeDomain (13ms)
			TypeCache.Refresh (6ms)
				TypeCache.ScanAssembly (0ms)
			ScanForSourceGeneratedMonoScriptInfo (0ms)
			ResolveRequiredComponents (5ms)
	FinalizeReload (747ms)
		ReleaseScriptCaches (0ms)
		RebuildScriptCaches (0ms)
		SetupLoadedEditorAssemblies (369ms)
			LogAssemblyErrors (0ms)
			InitializePlatformSupportModulesInManaged (8ms)
			SetLoadedEditorAssemblies (5ms)
			RefreshPlugins (0ms)
			BeforeProcessingInitializeOnLoad (83ms)
			ProcessInitializeOnLoadAttributes (248ms)
			ProcessInitializeOnLoadMethodAttributes (21ms)
			AfterProcessingInitializeOnLoad (3ms)
			EditorAssembliesLoaded (0ms)
		ExecutionOrderSort2 (0ms)
		AwakeInstancesAfterBackupRestoration (12ms)
Refreshing native plugins compatible for Editor in 1.78 ms, found 3 plugins.
Preloading 0 native plugins for Editor in 0.00 ms.
Unloading 3067 Unused Serialized files (Serialized files now loaded: 0)
Unloading 22 unused Assets / (30.5 KB). Loaded Objects now: 3605.
Memory consumption went from 119.3 MB to 119.3 MB.
Total: 2.728200 ms (FindLiveObjects: 0.240200 ms CreateObjectMapping: 0.209300 ms MarkObjects: 2.230400 ms  DeleteObjects: 0.047400 ms)

Prepare: number of updated asset objects reloaded= 0
AssetImportParameters requested are different than current active one (requested -> active):
  custom:container-demuxer-ogg: 62fdf1f143b41e24485cea50d1cbac27 -> 
  custom:video-decoder-ogg-theora: a1e56fd34408186e4bbccfd4996cb3dc -> 
  custom:framework-win-MediaFoundation: 216162199b28c13a410421893ffa2e32 -> 
  custom:CustomObjectIndexerAttribute: 756ad292c208cfabdd7b50bc23989ffe -> 
  custom:container-demuxer-webm: 4f35f7cbe854078d1ac9338744f61a02 -> 
  custom:container-muxer-webm: aa71ff27fc2769a1b78a27578f13a17b -> 
  custom:video-decoder-webm-vp8: 9c59270c3fd7afecdb556c50c9e8de78 -> 
  custom:SearchIndexIgnoredProperties: e643bd26f0fe6173181afceb89e7c659 -> 
  custom:AudioImporter_EditorPlatform: d09bf68614088b80899f8185d706f6e7 -> 
  custom:video-encoder-webm-vp8: eb34c28f22e8b96e1ab97ce403110664 -> 
  custom:audio-decoder-ogg-vorbis: bf7c407c2cedff20999df2af8eb42d56 -> 
  custom:audio-encoder-webm-vorbis: bf7c407c2cedff20999df2af8eb42d56 -> 
========================================================================
Received Prepare
Begin MonoManager ReloadAssembly
Symbol file LoadedFromMemory doesn't match image D:\projects\Git\CatlikeCoding-Rendering\Rendering\Library\PackageCache\com.unity.visualscripting@1.8.0\Editor\VisualScripting.Core\Dependencies\YamlDotNet\Unity.VisualScripting.YamlDotNet.dll
Symbol file LoadedFromMemory doesn't match image D:\projects\Git\CatlikeCoding-Rendering\Rendering\Library\PackageCache\com.unity.visualscripting@1.8.0\Editor\VisualScripting.Core\Dependencies\DotNetZip\Unity.VisualScripting.IonicZip.dll
- Loaded All Assemblies, in  0.416 seconds
Refreshing native plugins compatible for Editor in 1.94 ms, found 3 plugins.
Native extension for UWP target not found
Native extension for WindowsStandalone target not found
Mono: successfully reloaded assembly
- Finished resetting the current domain, in  0.790 seconds
Domain Reload Profiling: 1206ms
	BeginReloadAssembly (152ms)
		ExecutionOrderSort (0ms)
		DisableScriptedObjects (6ms)
		BackupInstance (0ms)
		ReleaseScriptingObjects (0ms)
		CreateAndSetChildDomain (29ms)
	RebuildCommonClasses (34ms)
	RebuildNativeTypeToScriptingClass (11ms)
	initialDomainReloadingComplete (23ms)
	LoadAllAssembliesAndSetupDomain (195ms)
		LoadAssemblies (272ms)
		RebuildTransferFunctionScriptingTraits (0ms)
		AnalyzeDomain (12ms)
			TypeCache.Refresh (6ms)
				TypeCache.ScanAssembly (0ms)
			ScanForSourceGeneratedMonoScriptInfo (0ms)
			ResolveRequiredComponents (5ms)
	FinalizeReload (790ms)
		ReleaseScriptCaches (0ms)
		RebuildScriptCaches (0ms)
		SetupLoadedEditorAssemblies (374ms)
			LogAssemblyErrors (0ms)
			InitializePlatformSupportModulesInManaged (5ms)
			SetLoadedEditorAssemblies (5ms)
			RefreshPlugins (0ms)
			BeforeProcessingInitializeOnLoad (92ms)
			ProcessInitializeOnLoadAttributes (247ms)
			ProcessInitializeOnLoadMethodAttributes (21ms)
			AfterProcessingInitializeOnLoad (3ms)
			EditorAssembliesLoaded (0ms)
		ExecutionOrderSort2 (0ms)
		AwakeInstancesAfterBackupRestoration (14ms)
Refreshing native plugins compatible for Editor in 2.01 ms, found 3 plugins.
Preloading 0 native plugins for Editor in 0.00 ms.
Unloading 3068 Unused Serialized files (Serialized files now loaded: 0)
Unloading 23 unused Assets / (76.0 KB). Loaded Objects now: 3607.
Memory consumption went from 119.1 MB to 119.1 MB.
Total: 2.949900 ms (FindLiveObjects: 0.282700 ms CreateObjectMapping: 0.245400 ms MarkObjects: 2.326300 ms  DeleteObjects: 0.094600 ms)

Prepare: number of updated asset objects reloaded= 1
AssetImportParameters requested are different than current active one (requested -> active):
  custom:container-demuxer-ogg: 62fdf1f143b41e24485cea50d1cbac27 -> 
  custom:video-decoder-ogg-theora: a1e56fd34408186e4bbccfd4996cb3dc -> 
  custom:framework-win-MediaFoundation: 216162199b28c13a410421893ffa2e32 -> 
  custom:CustomObjectIndexerAttribute: 756ad292c208cfabdd7b50bc23989ffe -> 
  custom:container-demuxer-webm: 4f35f7cbe854078d1ac9338744f61a02 -> 
  custom:container-muxer-webm: aa71ff27fc2769a1b78a27578f13a17b -> 
  custom:video-decoder-webm-vp8: 9c59270c3fd7afecdb556c50c9e8de78 -> 
  custom:SearchIndexIgnoredProperties: e643bd26f0fe6173181afceb89e7c659 -> 
  custom:AudioImporter_EditorPlatform: d09bf68614088b80899f8185d706f6e7 -> 
  custom:video-encoder-webm-vp8: eb34c28f22e8b96e1ab97ce403110664 -> 
  custom:audio-decoder-ogg-vorbis: bf7c407c2cedff20999df2af8eb42d56 -> 
  custom:audio-encoder-webm-vorbis: bf7c407c2cedff20999df2af8eb42d56 -> 
========================================================================
Received Prepare
Begin MonoManager ReloadAssembly
Symbol file LoadedFromMemory doesn't match image D:\projects\Git\CatlikeCoding-Rendering\Rendering\Library\PackageCache\com.unity.visualscripting@1.8.0\Editor\VisualScripting.Core\Dependencies\YamlDotNet\Unity.VisualScripting.YamlDotNet.dll
Symbol file LoadedFromMemory doesn't match image D:\projects\Git\CatlikeCoding-Rendering\Rendering\Library\PackageCache\com.unity.visualscripting@1.8.0\Editor\VisualScripting.Core\Dependencies\DotNetZip\Unity.VisualScripting.IonicZip.dll
- Loaded All Assemblies, in  0.410 seconds
Refreshing native plugins compatible for Editor in 1.80 ms, found 3 plugins.
Native extension for UWP target not found
Native extension for WindowsStandalone target not found
Mono: successfully reloaded assembly
- Finished resetting the current domain, in  0.749 seconds
Domain Reload Profiling: 1159ms
	BeginReloadAssembly (149ms)
		ExecutionOrderSort (0ms)
		DisableScriptedObjects (7ms)
		BackupInstance (0ms)
		ReleaseScriptingObjects (0ms)
		CreateAndSetChildDomain (35ms)
	RebuildCommonClasses (34ms)
	RebuildNativeTypeToScriptingClass (12ms)
	initialDomainReloadingComplete (22ms)
	LoadAllAssembliesAndSetupDomain (191ms)
		LoadAssemblies (258ms)
		RebuildTransferFunctionScriptingTraits (0ms)
		AnalyzeDomain (12ms)
			TypeCache.Refresh (5ms)
				TypeCache.ScanAssembly (0ms)
			ScanForSourceGeneratedMonoScriptInfo (0ms)
			ResolveRequiredComponents (5ms)
	FinalizeReload (750ms)
		ReleaseScriptCaches (0ms)
		RebuildScriptCaches (0ms)
		SetupLoadedEditorAssemblies (363ms)
			LogAssemblyErrors (0ms)
			InitializePlatformSupportModulesInManaged (6ms)
			SetLoadedEditorAssemblies (5ms)
			RefreshPlugins (0ms)
			BeforeProcessingInitializeOnLoad (88ms)
			ProcessInitializeOnLoadAttributes (239ms)
			ProcessInitializeOnLoadMethodAttributes (21ms)
			AfterProcessingInitializeOnLoad (3ms)
			EditorAssembliesLoaded (0ms)
		ExecutionOrderSort2 (0ms)
		AwakeInstancesAfterBackupRestoration (12ms)
Refreshing native plugins compatible for Editor in 1.93 ms, found 3 plugins.
Preloading 0 native plugins for Editor in 0.00 ms.
Unloading 3068 Unused Serialized files (Serialized files now loaded: 0)
Unloading 22 unused Assets / (30.5 KB). Loaded Objects now: 3610.
Memory consumption went from 119.1 MB to 119.0 MB.
Total: 2.725800 ms (FindLiveObjects: 0.257900 ms CreateObjectMapping: 0.230900 ms MarkObjects: 2.188400 ms  DeleteObjects: 0.047700 ms)

Prepare: number of updated asset objects reloaded= 1
AssetImportParameters requested are different than current active one (requested -> active):
  custom:container-demuxer-ogg: 62fdf1f143b41e24485cea50d1cbac27 -> 
  custom:video-decoder-ogg-theora: a1e56fd34408186e4bbccfd4996cb3dc -> 
  custom:framework-win-MediaFoundation: 216162199b28c13a410421893ffa2e32 -> 
  custom:CustomObjectIndexerAttribute: 756ad292c208cfabdd7b50bc23989ffe -> 
  custom:container-demuxer-webm: 4f35f7cbe854078d1ac9338744f61a02 -> 
  custom:container-muxer-webm: aa71ff27fc2769a1b78a27578f13a17b -> 
  custom:video-decoder-webm-vp8: 9c59270c3fd7afecdb556c50c9e8de78 -> 
  custom:SearchIndexIgnoredProperties: e643bd26f0fe6173181afceb89e7c659 -> 
  custom:AudioImporter_EditorPlatform: d09bf68614088b80899f8185d706f6e7 -> 
  custom:video-encoder-webm-vp8: eb34c28f22e8b96e1ab97ce403110664 -> 
  custom:audio-decoder-ogg-vorbis: bf7c407c2cedff20999df2af8eb42d56 -> 
  custom:audio-encoder-webm-vorbis: bf7c407c2cedff20999df2af8eb42d56 -> 
