Using pre-set license
Built from '2022.3/staging' branch; Version is '2022.3.7f1 (b16b3b16c7a0) revision 11627323'; Using compiler version '192829333'; Build Type 'Release'
OS: 'Windows 10  (10.0.19045) 64bit Professional' Language: 'en' Physical Memory: 16294 MB
BatchMode: 1, IsHumanControllingUs: 0, StartBugReporterOnCrash: 0, Is64bit: 1, IsPro: 1

COMMAND LINE ARGUMENTS:
D:\programs\Unity Editors\2022.3.7f1\Editor\Unity.exe
-adb2
-batchMode
-noUpm
-name
AssetImportWorker1
-projectPath
D:/projects/Git/CatlikeCoding-Rendering/Rendering
-logFile
Logs/AssetImportWorker1.log
-srvPort
64386
Successfully changed project path to: D:/projects/Git/CatlikeCoding-Rendering/Rendering
D:/projects/Git/CatlikeCoding-Rendering/Rendering
[UnityMemory] Configuration Parameters - Can be set up in boot.config
    "memorysetup-bucket-allocator-granularity=16"
    "memorysetup-bucket-allocator-bucket-count=8"
    "memorysetup-bucket-allocator-block-size=33554432"
    "memorysetup-bucket-allocator-block-count=8"
    "memorysetup-main-allocator-block-size=16777216"
    "memorysetup-thread-allocator-block-size=16777216"
    "memorysetup-gfx-main-allocator-block-size=16777216"
    "memorysetup-gfx-thread-allocator-block-size=16777216"
    "memorysetup-cache-allocator-block-size=4194304"
    "memorysetup-typetree-allocator-block-size=2097152"
    "memorysetup-profiler-bucket-allocator-granularity=16"
    "memorysetup-profiler-bucket-allocator-bucket-count=8"
    "memorysetup-profiler-bucket-allocator-block-size=33554432"
    "memorysetup-profiler-bucket-allocator-block-count=8"
    "memorysetup-profiler-allocator-block-size=16777216"
    "memorysetup-profiler-editor-allocator-block-size=1048576"
    "memorysetup-temp-allocator-size-main=16777216"
    "memorysetup-job-temp-allocator-block-size=2097152"
    "memorysetup-job-temp-allocator-block-size-background=1048576"
    "memorysetup-job-temp-allocator-reduction-small-platforms=262144"
    "memorysetup-allocator-temp-initial-block-size-main=262144"
    "memorysetup-allocator-temp-initial-block-size-worker=262144"
    "memorysetup-temp-allocator-size-background-worker=32768"
    "memorysetup-temp-allocator-size-job-worker=262144"
    "memorysetup-temp-allocator-size-preload-manager=33554432"
    "memorysetup-temp-allocator-size-nav-mesh-worker=65536"
    "memorysetup-temp-allocator-size-audio-worker=65536"
    "memorysetup-temp-allocator-size-cloud-worker=32768"
    "memorysetup-temp-allocator-size-gi-baking-worker=262144"
    "memorysetup-temp-allocator-size-gfx=262144"
Player connection [21124] Host "[IP] 192.168.2.78 [Port] 0 [Flags] 2 [Guid] 418155085 [EditorId] 418155085 [Version] 1048832 [Id] WindowsEditor(7,DESKTOP-J5TC0EM) [Debug] 1 [PackageName] WindowsEditor [ProjectName] Editor" joined multi-casting on [225.0.0.222:54997]...

Player connection [21124] Host "[IP] 192.168.2.78 [Port] 0 [Flags] 2 [Guid] 418155085 [EditorId] 418155085 [Version] 1048832 [Id] WindowsEditor(7,DESKTOP-J5TC0EM) [Debug] 1 [PackageName] WindowsEditor [ProjectName] Editor" joined alternative multi-casting on [225.0.0.222:34997]...

Refreshing native plugins compatible for Editor in 178.96 ms, found 3 plugins.
Preloading 0 native plugins for Editor in 0.00 ms.
Initialize engine version: 2022.3.7f1 (b16b3b16c7a0)
[Subsystems] Discovering subsystems at path D:/programs/Unity Editors/2022.3.7f1/Editor/Data/Resources/UnitySubsystems
[Subsystems] Discovering subsystems at path D:/projects/Git/CatlikeCoding-Rendering/Rendering/Assets
GfxDevice: creating device client; threaded=0; jobified=0
Direct3D:
    Version:  Direct3D 11.0 [level 11.1]
    Renderer: NVIDIA GeForce GTX 1650 (ID=0x1f82)
    Vendor:   NVIDIA
    VRAM:     3935 MB
    Driver:   32.0.15.6094
Initialize mono
Mono path[0] = 'D:/programs/Unity Editors/2022.3.7f1/Editor/Data/Managed'
Mono path[1] = 'D:/programs/Unity Editors/2022.3.7f1/Editor/Data/MonoBleedingEdge/lib/mono/unityjit-win32'
Mono config path = 'D:/programs/Unity Editors/2022.3.7f1/Editor/Data/MonoBleedingEdge/etc'
Using monoOptions --debugger-agent=transport=dt_socket,embedding=1,server=y,suspend=n,address=127.0.0.1:56368
Begin MonoManager ReloadAssembly
Registering precompiled unity dll's ...
Register platform support module: D:/programs/Unity Editors/2022.3.7f1/Editor/Data/PlaybackEngines/WindowsStandaloneSupport/UnityEditor.WindowsStandalone.Extensions.dll
Register platform support module: D:/programs/Unity Editors/2022.3.7f1/Editor/Data/PlaybackEngines/MetroSupport/UnityEditor.UWP.Extensions.dll
Registered in 0.023620 seconds.
- Loaded All Assemblies, in  1.197 seconds
Native extension for UWP target not found
Native extension for WindowsStandalone target not found
Mono: successfully reloaded assembly
- Finished resetting the current domain, in  0.290 seconds
Domain Reload Profiling: 1486ms
	BeginReloadAssembly (873ms)
		ExecutionOrderSort (0ms)
		DisableScriptedObjects (0ms)
		BackupInstance (0ms)
		ReleaseScriptingObjects (0ms)
		CreateAndSetChildDomain (1ms)
	RebuildCommonClasses (36ms)
	RebuildNativeTypeToScriptingClass (11ms)
	initialDomainReloadingComplete (68ms)
	LoadAllAssembliesAndSetupDomain (209ms)
		LoadAssemblies (902ms)
		RebuildTransferFunctionScriptingTraits (0ms)
		AnalyzeDomain (177ms)
			TypeCache.Refresh (175ms)
				TypeCache.ScanAssembly (162ms)
			ScanForSourceGeneratedMonoScriptInfo (0ms)
			ResolveRequiredComponents (0ms)
	FinalizeReload (290ms)
		ReleaseScriptCaches (0ms)
		RebuildScriptCaches (0ms)
		SetupLoadedEditorAssemblies (229ms)
			LogAssemblyErrors (0ms)
			InitializePlatformSupportModulesInManaged (9ms)
			SetLoadedEditorAssemblies (6ms)
			RefreshPlugins (0ms)
			BeforeProcessingInitializeOnLoad (3ms)
			ProcessInitializeOnLoadAttributes (133ms)
			ProcessInitializeOnLoadMethodAttributes (78ms)
			AfterProcessingInitializeOnLoad (0ms)
			EditorAssembliesLoaded (0ms)
		ExecutionOrderSort2 (0ms)
		AwakeInstancesAfterBackupRestoration (0ms)
========================================================================
Worker process is ready to serve import requests
Begin MonoManager ReloadAssembly
Symbol file LoadedFromMemory doesn't match image D:\projects\Git\CatlikeCoding-Rendering\Rendering\Library\PackageCache\com.unity.visualscripting@1.8.0\Editor\VisualScripting.Core\Dependencies\YamlDotNet\Unity.VisualScripting.YamlDotNet.dll
Symbol file LoadedFromMemory doesn't match image D:\projects\Git\CatlikeCoding-Rendering\Rendering\Library\PackageCache\com.unity.visualscripting@1.8.0\Editor\VisualScripting.Core\Dependencies\DotNetZip\Unity.VisualScripting.IonicZip.dll
- Loaded All Assemblies, in  2.404 seconds
Refreshing native plugins compatible for Editor in 1.73 ms, found 3 plugins.
Native extension for UWP target not found
Native extension for WindowsStandalone target not found
Mono: successfully reloaded assembly
- Finished resetting the current domain, in  0.597 seconds
Domain Reload Profiling: 3000ms
	BeginReloadAssembly (808ms)
		ExecutionOrderSort (0ms)
		DisableScriptedObjects (6ms)
		BackupInstance (0ms)
		ReleaseScriptingObjects (0ms)
		CreateAndSetChildDomain (21ms)
	RebuildCommonClasses (35ms)
	RebuildNativeTypeToScriptingClass (11ms)
	initialDomainReloadingComplete (36ms)
	LoadAllAssembliesAndSetupDomain (1512ms)
		LoadAssemblies (2069ms)
		RebuildTransferFunctionScriptingTraits (0ms)
		AnalyzeDomain (190ms)
			TypeCache.Refresh (168ms)
				TypeCache.ScanAssembly (152ms)
			ScanForSourceGeneratedMonoScriptInfo (16ms)
			ResolveRequiredComponents (4ms)
	FinalizeReload (597ms)
		ReleaseScriptCaches (0ms)
		RebuildScriptCaches (0ms)
		SetupLoadedEditorAssemblies (429ms)
			LogAssemblyErrors (0ms)
			InitializePlatformSupportModulesInManaged (5ms)
			SetLoadedEditorAssemblies (5ms)
			RefreshPlugins (0ms)
			BeforeProcessingInitializeOnLoad (86ms)
			ProcessInitializeOnLoadAttributes (308ms)
			ProcessInitializeOnLoadMethodAttributes (22ms)
			AfterProcessingInitializeOnLoad (3ms)
			EditorAssembliesLoaded (0ms)
		ExecutionOrderSort2 (0ms)
		AwakeInstancesAfterBackupRestoration (11ms)
Launched and connected shader compiler UnityShaderCompiler.exe after 0.26 seconds
Refreshing native plugins compatible for Editor in 2.49 ms, found 3 plugins.
Preloading 0 native plugins for Editor in 0.00 ms.
Unloading 3111 Unused Serialized files (Serialized files now loaded: 0)
Unloading 31 unused Assets / (56.3 KB). Loaded Objects now: 3578.
Memory consumption went from 125.1 MB to 125.0 MB.
Total: 3.127000 ms (FindLiveObjects: 0.249400 ms CreateObjectMapping: 0.205100 ms MarkObjects: 2.575200 ms  DeleteObjects: 0.096500 ms)

AssetImportParameters requested are different than current active one (requested -> active):
  custom:container-demuxer-ogg: 62fdf1f143b41e24485cea50d1cbac27 -> 
  custom:video-decoder-ogg-theora: a1e56fd34408186e4bbccfd4996cb3dc -> 
  custom:framework-win-MediaFoundation: 216162199b28c13a410421893ffa2e32 -> 
  custom:container-demuxer-webm: 4f35f7cbe854078d1ac9338744f61a02 -> 
  custom:container-muxer-webm: aa71ff27fc2769a1b78a27578f13a17b -> 
  custom:video-decoder-webm-vp8: 9c59270c3fd7afecdb556c50c9e8de78 -> 
  custom:AudioImporter_EditorPlatform: d09bf68614088b80899f8185d706f6e7 -> 
  custom:video-encoder-webm-vp8: eb34c28f22e8b96e1ab97ce403110664 -> 
  custom:audio-decoder-ogg-vorbis: bf7c407c2cedff20999df2af8eb42d56 -> 
  custom:audio-encoder-webm-vorbis: bf7c407c2cedff20999df2af8eb42d56 -> 
========================================================================
Received Import Request.
  Time since last request: 259127.948801 seconds.
  path: Assets/Scenes/Advanced Rendering 2/2)Depth of Field.unity
  artifactKey: Guid(8cdc49fc5c283b24dae959be59cf0ecf) Importer(815301076,1909f56bfc062723c751e8b465ee728b)
Start importing Assets/Scenes/Advanced Rendering 2/2)Depth of Field.unity using Guid(8cdc49fc5c283b24dae959be59cf0ecf) Importer(815301076,1909f56bfc062723c751e8b465ee728b)  -> (artifact id: '714e403c42fc6aa89f8df32366dc20f7') in 0.002298 seconds
Number of updated asset objects reloaded before import = 0
Number of asset objects unloaded after import = 0
========================================================================
Received Import Request.
  Time since last request: 0.000020 seconds.
  path: Assets/Scenes/Advanced Rendering/3)Surface Displacement.unity
  artifactKey: Guid(2a601f12ac82ed9439a0d79b1f3dfde0) Importer(815301076,1909f56bfc062723c751e8b465ee728b)
Start importing Assets/Scenes/Advanced Rendering/3)Surface Displacement.unity using Guid(2a601f12ac82ed9439a0d79b1f3dfde0) Importer(815301076,1909f56bfc062723c751e8b465ee728b)  -> (artifact id: 'e97f7427dec304d1def30ef73b3de5e8') in 0.000372 seconds
Number of updated asset objects reloaded before import = 0
Number of asset objects unloaded after import = 0
========================================================================
Received Prepare
Refreshing native plugins compatible for Editor in 104.24 ms, found 3 plugins.
Preloading 0 native plugins for Editor in 0.00 ms.
Unloading 0 Unused Serialized files (Serialized files now loaded: 0)
Unloading 1 unused Assets / (0.8 KB). Loaded Objects now: 3578.
Memory consumption went from 69.9 MB to 69.9 MB.
Total: 3.399600 ms (FindLiveObjects: 0.257000 ms CreateObjectMapping: 0.226200 ms MarkObjects: 2.894900 ms  DeleteObjects: 0.020100 ms)

Prepare: number of updated asset objects reloaded= 0
AssetImportParameters requested are different than current active one (requested -> active):
  custom:container-demuxer-ogg: 62fdf1f143b41e24485cea50d1cbac27 -> 
  custom:video-decoder-ogg-theora: a1e56fd34408186e4bbccfd4996cb3dc -> 
  custom:framework-win-MediaFoundation: 216162199b28c13a410421893ffa2e32 -> 
  custom:CustomObjectIndexerAttribute: 756ad292c208cfabdd7b50bc23989ffe -> 
  custom:container-demuxer-webm: 4f35f7cbe854078d1ac9338744f61a02 -> 
  custom:container-muxer-webm: aa71ff27fc2769a1b78a27578f13a17b -> 
  custom:video-decoder-webm-vp8: 9c59270c3fd7afecdb556c50c9e8de78 -> 
  custom:SearchIndexIgnoredProperties: e643bd26f0fe6173181afceb89e7c659 -> 
  custom:AudioImporter_EditorPlatform: d09bf68614088b80899f8185d706f6e7 -> 
  custom:video-encoder-webm-vp8: eb34c28f22e8b96e1ab97ce403110664 -> 
  custom:audio-decoder-ogg-vorbis: bf7c407c2cedff20999df2af8eb42d56 -> 
  custom:audio-encoder-webm-vorbis: bf7c407c2cedff20999df2af8eb42d56 -> 
========================================================================
Received Import Request.
  Time since last request: 11593.019370 seconds.
  path: Assets/Props/Materials/Rendering/Rendering 6/Bump Rendering.mat
  artifactKey: Guid(d0e3f30bf78bfd34ebadb3267fedf1e3) Importer(815301076,1909f56bfc062723c751e8b465ee728b)
Start importing Assets/Props/Materials/Rendering/Rendering 6/Bump Rendering.mat using Guid(d0e3f30bf78bfd34ebadb3267fedf1e3) Importer(815301076,1909f56bfc062723c751e8b465ee728b)  -> (artifact id: 'e7eca49935c102541cbecf567febc98d') in 0.978412 seconds
Number of updated asset objects reloaded before import = 0
Number of asset objects unloaded after import = 5
========================================================================
Received Import Request.
  Time since last request: 0.000020 seconds.
  path: Assets/Props/Textures/Rendering/9-10/circuitry-metallic.png
  artifactKey: Guid(8dcbebbd6a27d3448abe4b454c1615eb) Importer(815301076,1909f56bfc062723c751e8b465ee728b)
Start importing Assets/Props/Textures/Rendering/9-10/circuitry-metallic.png using Guid(8dcbebbd6a27d3448abe4b454c1615eb) Importer(815301076,1909f56bfc062723c751e8b465ee728b)  -> (artifact id: '19413a027dc6c0a8ede05e76925e5a55') in 0.102769 seconds
Number of updated asset objects reloaded before import = 0
Number of asset objects unloaded after import = 2
========================================================================
Received Import Request.
  Time since last request: 0.000023 seconds.
  path: Assets/Props/Textures/Rendering/9-10/circuitry-emission.png
  artifactKey: Guid(77bcac6cbd6958d4ebfa821bea78777d) Importer(815301076,1909f56bfc062723c751e8b465ee728b)
Start importing Assets/Props/Textures/Rendering/9-10/circuitry-emission.png using Guid(77bcac6cbd6958d4ebfa821bea78777d) Importer(815301076,1909f56bfc062723c751e8b465ee728b)  -> (artifact id: '46200ddf7ee8742dc5c752cc8542b406') in 0.055897 seconds
Number of updated asset objects reloaded before import = 0
Number of asset objects unloaded after import = 2
========================================================================
Received Import Request.
  Time since last request: 0.000013 seconds.
  path: Assets/Props/Materials/Rendering/Rendering 14/Fog Mat.mat
  artifactKey: Guid(714f3eed54cca124a89f650dcd3b3338) Importer(815301076,1909f56bfc062723c751e8b465ee728b)
Start importing Assets/Props/Materials/Rendering/Rendering 14/Fog Mat.mat using Guid(714f3eed54cca124a89f650dcd3b3338) Importer(815301076,1909f56bfc062723c751e8b465ee728b)  -> (artifact id: '3f287303777217c5de5b80393d9d220d') in 0.124300 seconds
Number of updated asset objects reloaded before import = 0
Number of asset objects unloaded after import = 1
========================================================================
Received Import Request.
  Time since last request: 0.000019 seconds.
  path: Assets/Props/Textures/Rendering/9-10/lava-albedo-smoothness.png
  artifactKey: Guid(edb1c3b0284d3834e9f6ef659f8189e0) Importer(815301076,1909f56bfc062723c751e8b465ee728b)
Start importing Assets/Props/Textures/Rendering/9-10/lava-albedo-smoothness.png using Guid(edb1c3b0284d3834e9f6ef659f8189e0) Importer(815301076,1909f56bfc062723c751e8b465ee728b)  -> (artifact id: '65562ec57d2aba4c2fa37191db1b432d') in 0.017531 seconds
Number of updated asset objects reloaded before import = 0
Number of asset objects unloaded after import = 2
========================================================================
Received Import Request.
  Time since last request: 0.000017 seconds.
  path: Assets/Props/Textures/Rendering/9-10/circuitry-smoothness.png
  artifactKey: Guid(8a7d38ba3691b8448b74b5774765319b) Importer(815301076,1909f56bfc062723c751e8b465ee728b)
Start importing Assets/Props/Textures/Rendering/9-10/circuitry-smoothness.png using Guid(8a7d38ba3691b8448b74b5774765319b) Importer(815301076,1909f56bfc062723c751e8b465ee728b)  -> (artifact id: '3c32c59c4a2bd2b152e05bf030c82c24') in 0.198424 seconds
Number of updated asset objects reloaded before import = 0
Number of asset objects unloaded after import = 2
========================================================================
Received Import Request.
  Time since last request: 1.207997 seconds.
  path: Assets/Scenes/Rendering/8/Lightmap-0_comp_dir.png
  artifactKey: Guid(03d3d28857b31e54f8c8b9ff42f81344) Importer(815301076,1909f56bfc062723c751e8b465ee728b)
Start importing Assets/Scenes/Rendering/8/Lightmap-0_comp_dir.png using Guid(03d3d28857b31e54f8c8b9ff42f81344) Importer(815301076,1909f56bfc062723c751e8b465ee728b)  -> (artifact id: 'bda59f5cec43f5e00635cbb509a3fc34') in 0.029837 seconds
Number of updated asset objects reloaded before import = 0
Number of asset objects unloaded after import = 2
========================================================================
Received Import Request.
  Time since last request: 0.000016 seconds.
  path: Assets/Scenes/Rendering/17/Lightmap-0_comp_dir.png
  artifactKey: Guid(b16ffea23533efb43938427a68d706e1) Importer(815301076,1909f56bfc062723c751e8b465ee728b)
Start importing Assets/Scenes/Rendering/17/Lightmap-0_comp_dir.png using Guid(b16ffea23533efb43938427a68d706e1) Importer(815301076,1909f56bfc062723c751e8b465ee728b)  -> (artifact id: '51b0952f3732ae47685ba044ec282a8c') in 0.059856 seconds
Number of updated asset objects reloaded before import = 0
Number of asset objects unloaded after import = 2
========================================================================
Received Import Request.
  Time since last request: 0.142655 seconds.
  path: Assets/Scenes/Rendering/18/Lightmap-0_comp_light.exr
  artifactKey: Guid(820da4c421d47234a8bd2962076a081e) Importer(815301076,1909f56bfc062723c751e8b465ee728b)
Start importing Assets/Scenes/Rendering/18/Lightmap-0_comp_light.exr using Guid(820da4c421d47234a8bd2962076a081e) Importer(815301076,1909f56bfc062723c751e8b465ee728b)  -> (artifact id: '65a6f2cd73c0e80ccdd6b4afd941a680') in 0.150567 seconds
Number of updated asset objects reloaded before import = 0
Number of asset objects unloaded after import = 2
========================================================================
Received Import Request.
  Time since last request: 0.017715 seconds.
  path: Assets/Scenes/Rendering/13/Lightmap-0_comp_light.exr
  artifactKey: Guid(2089491583f52ac46a6af5d8158e4d54) Importer(815301076,1909f56bfc062723c751e8b465ee728b)
Start importing Assets/Scenes/Rendering/13/Lightmap-0_comp_light.exr using Guid(2089491583f52ac46a6af5d8158e4d54) Importer(815301076,1909f56bfc062723c751e8b465ee728b)  -> (artifact id: '8539b49653bf79c6c6f849e36763d7dd') in 0.040390 seconds
Number of updated asset objects reloaded before import = 0
Number of asset objects unloaded after import = 2
========================================================================
Received Import Request.
  Time since last request: 0.207769 seconds.
  path: Assets/Scenes/Rendering/18/Lightmap-0_comp_shadowmask.png
  artifactKey: Guid(1daf427e24debd442af1a447d42bc20d) Importer(815301076,1909f56bfc062723c751e8b465ee728b)
Start importing Assets/Scenes/Rendering/18/Lightmap-0_comp_shadowmask.png using Guid(1daf427e24debd442af1a447d42bc20d) Importer(815301076,1909f56bfc062723c751e8b465ee728b)  -> (artifact id: 'ce97779e085dcc9f5876173331e1f223') in 0.086799 seconds
Number of updated asset objects reloaded before import = 0
Number of asset objects unloaded after import = 2
========================================================================
Received Import Request.
  Time since last request: 0.096941 seconds.
  path: Assets/Scenes/Rendering/13/Lightmap-1_comp_dir.png
  artifactKey: Guid(5bbf4bfbfe180d74db44ab7b097a9603) Importer(815301076,1909f56bfc062723c751e8b465ee728b)
Start importing Assets/Scenes/Rendering/13/Lightmap-1_comp_dir.png using Guid(5bbf4bfbfe180d74db44ab7b097a9603) Importer(815301076,1909f56bfc062723c751e8b465ee728b)  -> (artifact id: 'f3738652158888e7c73f5455046fbc11') in 0.050567 seconds
Number of updated asset objects reloaded before import = 0
Number of asset objects unloaded after import = 2
========================================================================
Received Import Request.
  Time since last request: 0.000016 seconds.
  path: Assets/Scenes/Rendering/17/Lightmap-1_comp_light.exr
  artifactKey: Guid(bd1881b37e9aa5f4193f06be94b737d4) Importer(815301076,1909f56bfc062723c751e8b465ee728b)
Start importing Assets/Scenes/Rendering/17/Lightmap-1_comp_light.exr using Guid(bd1881b37e9aa5f4193f06be94b737d4) Importer(815301076,1909f56bfc062723c751e8b465ee728b)  -> (artifact id: 'f941a4589cc9ef212cf0f99401d211d7') in 0.055694 seconds
Number of updated asset objects reloaded before import = 0
Number of asset objects unloaded after import = 2
========================================================================
Received Import Request.
  Time since last request: 2.692473 seconds.
  path: Assets/Props/Materials/Rendering/Rendering 10/Circuitry 2.mat
  artifactKey: Guid(aa37adb3705824442a55403ee50daf49) Importer(815301076,1909f56bfc062723c751e8b465ee728b)
Start importing Assets/Props/Materials/Rendering/Rendering 10/Circuitry 2.mat using Guid(aa37adb3705824442a55403ee50daf49) Importer(815301076,1909f56bfc062723c751e8b465ee728b)  -> (artifact id: '6a133c99586cdcdd5e149de9bdf52891') in 0.264049 seconds
Number of updated asset objects reloaded before import = 0
Number of asset objects unloaded after import = 8
========================================================================
Received Import Request.
  Time since last request: 0.000016 seconds.
  path: Assets/Props/Materials/Rendering/Rendering 13/Circuitry 3.mat
  artifactKey: Guid(946300ad8c3de314c92fcc976d6885b6) Importer(815301076,1909f56bfc062723c751e8b465ee728b)
Start importing Assets/Props/Materials/Rendering/Rendering 13/Circuitry 3.mat using Guid(946300ad8c3de314c92fcc976d6885b6) Importer(815301076,1909f56bfc062723c751e8b465ee728b)  -> (artifact id: 'd2a58a0cfc3ea413fddeb45ccbd62b98') in 0.136519 seconds
Number of updated asset objects reloaded before import = 0
Number of asset objects unloaded after import = 8
========================================================================
Received Import Request.
  Time since last request: 290.023351 seconds.
  path: Assets/Props/Materials/Advanced Rendering 2/1)Bloom/Ground.mat
  artifactKey: Guid(cc1497225612a4a4b8d4f0babcff8b74) Importer(815301076,1909f56bfc062723c751e8b465ee728b)
Start importing Assets/Props/Materials/Advanced Rendering 2/1)Bloom/Ground.mat using Guid(cc1497225612a4a4b8d4f0babcff8b74) Importer(815301076,1909f56bfc062723c751e8b465ee728b)  -> (artifact id: 'f0519febd2630ca9565cf6b3e770a138') in 0.130839 seconds
Number of updated asset objects reloaded before import = 0
Number of asset objects unloaded after import = 1
========================================================================
Received Import Request.
  Time since last request: 0.000022 seconds.
  path: Assets/Props/Materials/Advanced Rendering 2/1)Bloom/Red.mat
  artifactKey: Guid(12a3aeccd2ca047ffbb1dd2381a1919f) Importer(815301076,1909f56bfc062723c751e8b465ee728b)
Start importing Assets/Props/Materials/Advanced Rendering 2/1)Bloom/Red.mat using Guid(12a3aeccd2ca047ffbb1dd2381a1919f) Importer(815301076,1909f56bfc062723c751e8b465ee728b)  -> (artifact id: '2d4d6ce06061d096e9649dfec2830af4') in 0.015949 seconds
Number of updated asset objects reloaded before import = 0
Number of asset objects unloaded after import = 1
========================================================================
Received Import Request.
  Time since last request: 41.268504 seconds.
  path: Assets/Props/Materials/Rendering/Rendering 18/Red Ground.mat
  artifactKey: Guid(ef1dbfe21e5ac3d4788a7b6b9a4dc1a0) Importer(815301076,1909f56bfc062723c751e8b465ee728b)
Start importing Assets/Props/Materials/Rendering/Rendering 18/Red Ground.mat using Guid(ef1dbfe21e5ac3d4788a7b6b9a4dc1a0) Importer(815301076,1909f56bfc062723c751e8b465ee728b)  -> (artifact id: '57d3a7c954496d0a797e58a575644b7f') in 0.201302 seconds
Number of updated asset objects reloaded before import = 0
Number of asset objects unloaded after import = 1
========================================================================
Received Import Request.
  Time since last request: 13.835449 seconds.
  path: Assets/Props/Materials/Rendering/Rendering 10/Lava 2.mat
  artifactKey: Guid(4316fc520cd7792409593b1770aaa2d0) Importer(815301076,1909f56bfc062723c751e8b465ee728b)
Start importing Assets/Props/Materials/Rendering/Rendering 10/Lava 2.mat using Guid(4316fc520cd7792409593b1770aaa2d0) Importer(815301076,1909f56bfc062723c751e8b465ee728b)  -> (artifact id: 'bc8275ba0ca331be7b5cf4acc8bbac87') in 0.180212 seconds
Number of updated asset objects reloaded before import = 0
Number of asset objects unloaded after import = 4
========================================================================
Received Import Request.
  Time since last request: 0.000015 seconds.
  path: Assets/Props/Materials/Rendering/Rendering 15/Lava 4.mat
  artifactKey: Guid(1fccf580b4a4af3468ea792414426659) Importer(815301076,1909f56bfc062723c751e8b465ee728b)
Start importing Assets/Props/Materials/Rendering/Rendering 15/Lava 4.mat using Guid(1fccf580b4a4af3468ea792414426659) Importer(815301076,1909f56bfc062723c751e8b465ee728b)  -> (artifact id: 'aa2906d8a8d3cf5d09976973b6803586') in 0.153174 seconds
Number of updated asset objects reloaded before import = 0
Number of asset objects unloaded after import = 4
========================================================================
Received Import Request.
  Time since last request: 116.240838 seconds.
  path: Assets/Props/Materials/Advanced Rendering 2/2)Depth of Field/Regular Mat 1.mat
  artifactKey: Guid(6646a3bde91c988418224814e5badf5f) Importer(815301076,1909f56bfc062723c751e8b465ee728b)
Start importing Assets/Props/Materials/Advanced Rendering 2/2)Depth of Field/Regular Mat 1.mat using Guid(6646a3bde91c988418224814e5badf5f) Importer(815301076,1909f56bfc062723c751e8b465ee728b)  -> (artifact id: '71bbfe1415105155b1c367cbe5aa1f27') in 0.015650 seconds
Number of updated asset objects reloaded before import = 0
Number of asset objects unloaded after import = 1
========================================================================
Received Import Request.
  Time since last request: 15.170984 seconds.
  path: Assets/Props/Materials/Rendering/Rendering 13/Semitransparent Shadows Mat 2.mat
  artifactKey: Guid(9bc00fcc93e3e944893656b96e8c61b1) Importer(815301076,1909f56bfc062723c751e8b465ee728b)
Start importing Assets/Props/Materials/Rendering/Rendering 13/Semitransparent Shadows Mat 2.mat using Guid(9bc00fcc93e3e944893656b96e8c61b1) Importer(815301076,1909f56bfc062723c751e8b465ee728b)  -> (artifact id: '30efbe7c9dac99d5a8ffbf3e687735b5') in 0.135541 seconds
Number of updated asset objects reloaded before import = 0
Number of asset objects unloaded after import = 2
========================================================================
Received Import Request.
  Time since last request: 22.368194 seconds.
  path: Assets/Props/Materials/Advanced Rendering 2/2)Depth of Field/Lava 3.mat
  artifactKey: Guid(5a43b1e23545db948a2f3a09697eaa84) Importer(815301076,1909f56bfc062723c751e8b465ee728b)
Start importing Assets/Props/Materials/Advanced Rendering 2/2)Depth of Field/Lava 3.mat using Guid(5a43b1e23545db948a2f3a09697eaa84) Importer(815301076,1909f56bfc062723c751e8b465ee728b)  -> (artifact id: 'adaa7722a8d04472bca74d35baf48e0e') in 0.194903 seconds
Number of updated asset objects reloaded before import = 0
Number of asset objects unloaded after import = 4
========================================================================
Received Import Request.
  Time since last request: 50.091853 seconds.
  path: Assets/Props/Textures/Rendering/12/dither-patterns.png
  artifactKey: Guid(d9e939107c739f14a85f34daafaa2526) Importer(815301076,1909f56bfc062723c751e8b465ee728b)
Start importing Assets/Props/Textures/Rendering/12/dither-patterns.png using Guid(d9e939107c739f14a85f34daafaa2526) Importer(815301076,1909f56bfc062723c751e8b465ee728b)  -> (artifact id: '5ae24665b28e84e9c955b942a7ff05f5') in 0.051940 seconds
Number of updated asset objects reloaded before import = 0
Number of asset objects unloaded after import = 2
========================================================================
Received Import Request.
  Time since last request: 0.020098 seconds.
  path: Assets/Props/Textures/Rendering/0_Before 9/grid-detail.png
  artifactKey: Guid(a279ed991010c254183bd5e977dd8cc2) Importer(815301076,1909f56bfc062723c751e8b465ee728b)
Start importing Assets/Props/Textures/Rendering/0_Before 9/grid-detail.png using Guid(a279ed991010c254183bd5e977dd8cc2) Importer(815301076,1909f56bfc062723c751e8b465ee728b)  -> (artifact id: '6b58648ef48abce96580cccae912e5a0') in 0.016252 seconds
Number of updated asset objects reloaded before import = 0
Number of asset objects unloaded after import = 2
========================================================================
Received Import Request.
  Time since last request: 0.124921 seconds.
  path: Assets/Scenes/Rendering/18/Lightmap-1_comp_shadowmask.png
  artifactKey: Guid(27b51940cd203e5498105000dd781d91) Importer(815301076,1909f56bfc062723c751e8b465ee728b)
Start importing Assets/Scenes/Rendering/18/Lightmap-1_comp_shadowmask.png using Guid(27b51940cd203e5498105000dd781d91) Importer(815301076,1909f56bfc062723c751e8b465ee728b)  -> (artifact id: 'a09a9e22a8324d4afe1f77633cfcf8b8') in 0.108155 seconds
Number of updated asset objects reloaded before import = 0
Number of asset objects unloaded after import = 2
========================================================================
Received Import Request.
  Time since last request: 0.153802 seconds.
  path: Assets/Scenes/Rendering/8/Lightmap-2_comp_light.exr
  artifactKey: Guid(a76bba1b3c47fd840855d7ad676b7cd4) Importer(815301076,1909f56bfc062723c751e8b465ee728b)
Start importing Assets/Scenes/Rendering/8/Lightmap-2_comp_light.exr using Guid(a76bba1b3c47fd840855d7ad676b7cd4) Importer(815301076,1909f56bfc062723c751e8b465ee728b)  -> (artifact id: 'a5b66a96d6e8a56a324bd9218ce3723b') in 0.018159 seconds
Number of updated asset objects reloaded before import = 0
Number of asset objects unloaded after import = 2
========================================================================
Received Import Request.
  Time since last request: 0.071922 seconds.
  path: Assets/Scenes/Rendering/18/Lightmap-2_comp_shadowmask.png
  artifactKey: Guid(3f96c72120e6a65459c6ce3c89cb9076) Importer(815301076,1909f56bfc062723c751e8b465ee728b)
Start importing Assets/Scenes/Rendering/18/Lightmap-2_comp_shadowmask.png using Guid(3f96c72120e6a65459c6ce3c89cb9076) Importer(815301076,1909f56bfc062723c751e8b465ee728b)  -> (artifact id: 'dd3e34ea2be98ec9c7bd89680909c1a9') in 0.073013 seconds
Number of updated asset objects reloaded before import = 0
Number of asset objects unloaded after import = 2
========================================================================
Received Import Request.
  Time since last request: 0.000014 seconds.
  path: Assets/Props/Textures/Rendering/20/parallax-normals.png
  artifactKey: Guid(7b9fd5a7b453dab4b90b2edc141d3aa7) Importer(815301076,1909f56bfc062723c751e8b465ee728b)
Start importing Assets/Props/Textures/Rendering/20/parallax-normals.png using Guid(7b9fd5a7b453dab4b90b2edc141d3aa7) Importer(815301076,1909f56bfc062723c751e8b465ee728b)  -> (artifact id: 'c51446fe46dc07155525905fdcd6ef3f') in 0.062225 seconds
Number of updated asset objects reloaded before import = 0
Number of asset objects unloaded after import = 2
========================================================================
Received Import Request.
  Time since last request: 0.000015 seconds.
  path: Assets/Props/Textures/Rendering/0_Before 9/marble-detail-normals.png
  artifactKey: Guid(5e934fe285a646d498f89b2020ba915d) Importer(815301076,1909f56bfc062723c751e8b465ee728b)
Start importing Assets/Props/Textures/Rendering/0_Before 9/marble-detail-normals.png using Guid(5e934fe285a646d498f89b2020ba915d) Importer(815301076,1909f56bfc062723c751e8b465ee728b)  -> (artifact id: '84d6692bb8705d628b6777bcf4dbe7b8') in 0.020343 seconds
Number of updated asset objects reloaded before import = 0
Number of asset objects unloaded after import = 2
========================================================================
Received Import Request.
  Time since last request: 0.000017 seconds.
  path: Assets/Scenes/Rendering/8/ReflectionProbe-0.exr
  artifactKey: Guid(d72b714e388e9c94994afe3d9b8f7cf9) Importer(815301076,1909f56bfc062723c751e8b465ee728b)
Start importing Assets/Scenes/Rendering/8/ReflectionProbe-0.exr using Guid(d72b714e388e9c94994afe3d9b8f7cf9) Importer(815301076,1909f56bfc062723c751e8b465ee728b)  -> (artifact id: 'ec1bc152634f6f821d7934a050403d93') in 0.023120 seconds
Number of updated asset objects reloaded before import = 0
Number of asset objects unloaded after import = 1
========================================================================
Received Import Request.
  Time since last request: 0.000020 seconds.
  path: Assets/Props/Textures/Rendering/20/parallax-heights.png
  artifactKey: Guid(497ce5da2db17ec4998b004d99935e0e) Importer(815301076,1909f56bfc062723c751e8b465ee728b)
Start importing Assets/Props/Textures/Rendering/20/parallax-heights.png using Guid(497ce5da2db17ec4998b004d99935e0e) Importer(815301076,1909f56bfc062723c751e8b465ee728b)  -> (artifact id: 'c7b4d741596bebf06b9bffbabc50dbd6') in 0.016228 seconds
Number of updated asset objects reloaded before import = 0
Number of asset objects unloaded after import = 2
========================================================================
Received Import Request.
  Time since last request: 0.000014 seconds.
  path: Assets/Scenes/Rendering/13/ReflectionProbe-1.exr
  artifactKey: Guid(a14fd85bab980374096e1f841f94410f) Importer(815301076,1909f56bfc062723c751e8b465ee728b)
Start importing Assets/Scenes/Rendering/13/ReflectionProbe-1.exr using Guid(a14fd85bab980374096e1f841f94410f) Importer(815301076,1909f56bfc062723c751e8b465ee728b)  -> (artifact id: '43b46825dfa3e4b14aad8c270ccca835') in 0.027259 seconds
Number of updated asset objects reloaded before import = 0
Number of asset objects unloaded after import = 1
========================================================================
Received Import Request.
  Time since last request: 0.039720 seconds.
  path: Assets/Scenes/Rendering/13/ReflectionProbe-2.exr
  artifactKey: Guid(de56d0f66ee1b41478e5cc1b902a292d) Importer(815301076,1909f56bfc062723c751e8b465ee728b)
Start importing Assets/Scenes/Rendering/13/ReflectionProbe-2.exr using Guid(de56d0f66ee1b41478e5cc1b902a292d) Importer(815301076,1909f56bfc062723c751e8b465ee728b)  -> (artifact id: '8a8f9cc027d110681a50387f357884fa') in 0.017546 seconds
Number of updated asset objects reloaded before import = 0
Number of asset objects unloaded after import = 1
========================================================================
Received Import Request.
  Time since last request: 0.032935 seconds.
  path: Assets/Scenes/Rendering/8/ReflectionProbe-3.exr
  artifactKey: Guid(45ea998e916dfd3418385f2eabf22e34) Importer(815301076,1909f56bfc062723c751e8b465ee728b)
Start importing Assets/Scenes/Rendering/8/ReflectionProbe-3.exr using Guid(45ea998e916dfd3418385f2eabf22e34) Importer(815301076,1909f56bfc062723c751e8b465ee728b)  -> (artifact id: '7d73b727f4060b3ee8093da31c1ecd8f') in 0.027807 seconds
Number of updated asset objects reloaded before import = 0
Number of asset objects unloaded after import = 1
========================================================================
Received Import Request.
  Time since last request: 0.072461 seconds.
  path: Assets/Props/Textures/Rendering/11/transparency.png
  artifactKey: Guid(c235928c0997a9848b09ca62fd146cb9) Importer(815301076,1909f56bfc062723c751e8b465ee728b)
Start importing Assets/Props/Textures/Rendering/11/transparency.png using Guid(c235928c0997a9848b09ca62fd146cb9) Importer(815301076,1909f56bfc062723c751e8b465ee728b)  -> (artifact id: '60f2f5342e598832feedb62f54e08402') in 0.020362 seconds
Number of updated asset objects reloaded before import = 0
Number of asset objects unloaded after import = 2
Editor requested this worker to shutdown with reason: Scaling down because of idle timeout
TcpMessagingSession - receive error: operation aborted. errorcode: 995, details: The I/O operation has been aborted because of either a thread exit or an application request.
AssetImportWorker is now disconnected from the server
Process exiting
Exiting without the bug reporter. Application will terminate with return code 0