Using pre-set license
Built from '2022.3/staging' branch; Version is '2022.3.7f1 (b16b3b16c7a0) revision 11627323'; Using compiler version '192829333'; Build Type 'Release'
OS: 'Windows 10  (10.0.19045) 64bit Professional' Language: 'en' Physical Memory: 16294 MB
BatchMode: 1, IsHumanControllingUs: 0, StartBugReporterOnCrash: 0, Is64bit: 1, IsPro: 1

COMMAND LINE ARGUMENTS:
D:\programs\Unity Editors\2022.3.7f1\Editor\Unity.exe
-adb2
-batchMode
-noUpm
-name
AssetImportWorker2
-projectPath
D:/projects/Git/CatlikeCoding-Rendering/Rendering
-logFile
Logs/AssetImportWorker2.log
-srvPort
59656
Successfully changed project path to: D:/projects/Git/CatlikeCoding-Rendering/Rendering
D:/projects/Git/CatlikeCoding-Rendering/Rendering
[UnityMemory] Configuration Parameters - Can be set up in boot.config
    "memorysetup-bucket-allocator-granularity=16"
    "memorysetup-bucket-allocator-bucket-count=8"
    "memorysetup-bucket-allocator-block-size=33554432"
    "memorysetup-bucket-allocator-block-count=8"
    "memorysetup-main-allocator-block-size=16777216"
    "memorysetup-thread-allocator-block-size=16777216"
    "memorysetup-gfx-main-allocator-block-size=16777216"
    "memorysetup-gfx-thread-allocator-block-size=16777216"
    "memorysetup-cache-allocator-block-size=4194304"
    "memorysetup-typetree-allocator-block-size=2097152"
    "memorysetup-profiler-bucket-allocator-granularity=16"
    "memorysetup-profiler-bucket-allocator-bucket-count=8"
    "memorysetup-profiler-bucket-allocator-block-size=33554432"
    "memorysetup-profiler-bucket-allocator-block-count=8"
    "memorysetup-profiler-allocator-block-size=16777216"
    "memorysetup-profiler-editor-allocator-block-size=1048576"
    "memorysetup-temp-allocator-size-main=16777216"
    "memorysetup-job-temp-allocator-block-size=2097152"
    "memorysetup-job-temp-allocator-block-size-background=1048576"
    "memorysetup-job-temp-allocator-reduction-small-platforms=262144"
    "memorysetup-allocator-temp-initial-block-size-main=262144"
    "memorysetup-allocator-temp-initial-block-size-worker=262144"
    "memorysetup-temp-allocator-size-background-worker=32768"
    "memorysetup-temp-allocator-size-job-worker=262144"
    "memorysetup-temp-allocator-size-preload-manager=33554432"
    "memorysetup-temp-allocator-size-nav-mesh-worker=65536"
    "memorysetup-temp-allocator-size-audio-worker=65536"
    "memorysetup-temp-allocator-size-cloud-worker=32768"
    "memorysetup-temp-allocator-size-gi-baking-worker=262144"
    "memorysetup-temp-allocator-size-gfx=262144"
Player connection [12148] Host "[IP] 192.168.2.221 [Port] 0 [Flags] 2 [Guid] 1370786666 [EditorId] 1370786666 [Version] 1048832 [Id] WindowsEditor(7,DESKTOP-J5TC0EM) [Debug] 1 [PackageName] WindowsEditor [ProjectName] Editor" joined multi-casting on [225.0.0.222:54997]...

Player connection [12148] Host "[IP] 192.168.2.221 [Port] 0 [Flags] 2 [Guid] 1370786666 [EditorId] 1370786666 [Version] 1048832 [Id] WindowsEditor(7,DESKTOP-J5TC0EM) [Debug] 1 [PackageName] WindowsEditor [ProjectName] Editor" joined alternative multi-casting on [225.0.0.222:34997]...

Refreshing native plugins compatible for Editor in 362.00 ms, found 3 plugins.
Preloading 0 native plugins for Editor in 0.00 ms.
Initialize engine version: 2022.3.7f1 (b16b3b16c7a0)
[Subsystems] Discovering subsystems at path D:/programs/Unity Editors/2022.3.7f1/Editor/Data/Resources/UnitySubsystems
[Subsystems] Discovering subsystems at path D:/projects/Git/CatlikeCoding-Rendering/Rendering/Assets
GfxDevice: creating device client; threaded=0; jobified=0
Direct3D:
    Version:  Direct3D 11.0 [level 11.1]
    Renderer: NVIDIA GeForce GTX 1650 (ID=0x1f82)
    Vendor:   NVIDIA
    VRAM:     3935 MB
    Driver:   32.0.15.6094
Initialize mono
Mono path[0] = 'D:/programs/Unity Editors/2022.3.7f1/Editor/Data/Managed'
Mono path[1] = 'D:/programs/Unity Editors/2022.3.7f1/Editor/Data/MonoBleedingEdge/lib/mono/unityjit-win32'
Mono config path = 'D:/programs/Unity Editors/2022.3.7f1/Editor/Data/MonoBleedingEdge/etc'
Using monoOptions --debugger-agent=transport=dt_socket,embedding=1,server=y,suspend=n,address=127.0.0.1:56428
Begin MonoManager ReloadAssembly
Registering precompiled unity dll's ...
Register platform support module: D:/programs/Unity Editors/2022.3.7f1/Editor/Data/PlaybackEngines/WindowsStandaloneSupport/UnityEditor.WindowsStandalone.Extensions.dll
Register platform support module: D:/programs/Unity Editors/2022.3.7f1/Editor/Data/PlaybackEngines/MetroSupport/UnityEditor.UWP.Extensions.dll
Registered in 0.005131 seconds.
- Loaded All Assemblies, in  2.271 seconds
Native extension for UWP target not found
Native extension for WindowsStandalone target not found
Mono: successfully reloaded assembly
- Finished resetting the current domain, in  0.445 seconds
Domain Reload Profiling: 2716ms
	BeginReloadAssembly (1942ms)
		ExecutionOrderSort (0ms)
		DisableScriptedObjects (0ms)
		BackupInstance (0ms)
		ReleaseScriptingObjects (0ms)
		CreateAndSetChildDomain (1ms)
	RebuildCommonClasses (32ms)
	RebuildNativeTypeToScriptingClass (11ms)
	initialDomainReloadingComplete (48ms)
	LoadAllAssembliesAndSetupDomain (237ms)
		LoadAssemblies (1942ms)
		RebuildTransferFunctionScriptingTraits (0ms)
		AnalyzeDomain (235ms)
			TypeCache.Refresh (234ms)
				TypeCache.ScanAssembly (221ms)
			ScanForSourceGeneratedMonoScriptInfo (0ms)
			ResolveRequiredComponents (0ms)
	FinalizeReload (445ms)
		ReleaseScriptCaches (0ms)
		RebuildScriptCaches (0ms)
		SetupLoadedEditorAssemblies (385ms)
			LogAssemblyErrors (0ms)
			InitializePlatformSupportModulesInManaged (8ms)
			SetLoadedEditorAssemblies (6ms)
			RefreshPlugins (0ms)
			BeforeProcessingInitializeOnLoad (2ms)
			ProcessInitializeOnLoadAttributes (124ms)
			ProcessInitializeOnLoadMethodAttributes (244ms)
			AfterProcessingInitializeOnLoad (0ms)
			EditorAssembliesLoaded (0ms)
		ExecutionOrderSort2 (0ms)
		AwakeInstancesAfterBackupRestoration (0ms)
========================================================================
Worker process is ready to serve import requests
Begin MonoManager ReloadAssembly
Symbol file LoadedFromMemory doesn't match image D:\projects\Git\CatlikeCoding-Rendering\Rendering\Library\PackageCache\com.unity.visualscripting@1.8.0\Editor\VisualScripting.Core\Dependencies\YamlDotNet\Unity.VisualScripting.YamlDotNet.dll
Symbol file LoadedFromMemory doesn't match image D:\projects\Git\CatlikeCoding-Rendering\Rendering\Library\PackageCache\com.unity.visualscripting@1.8.0\Editor\VisualScripting.Core\Dependencies\DotNetZip\Unity.VisualScripting.IonicZip.dll
- Loaded All Assemblies, in  8.560 seconds
Refreshing native plugins compatible for Editor in 1.79 ms, found 3 plugins.
Native extension for UWP target not found
Native extension for WindowsStandalone target not found
Mono: successfully reloaded assembly
- Finished resetting the current domain, in  0.593 seconds
Domain Reload Profiling: 9152ms
	BeginReloadAssembly (2736ms)
		ExecutionOrderSort (0ms)
		DisableScriptedObjects (6ms)
		BackupInstance (0ms)
		ReleaseScriptingObjects (0ms)
		CreateAndSetChildDomain (20ms)
	RebuildCommonClasses (32ms)
	RebuildNativeTypeToScriptingClass (11ms)
	initialDomainReloadingComplete (34ms)
	LoadAllAssembliesAndSetupDomain (5747ms)
		LoadAssemblies (8251ms)
		RebuildTransferFunctionScriptingTraits (0ms)
		AnalyzeDomain (167ms)
			TypeCache.Refresh (147ms)
				TypeCache.ScanAssembly (133ms)
			ScanForSourceGeneratedMonoScriptInfo (14ms)
			ResolveRequiredComponents (4ms)
	FinalizeReload (593ms)
		ReleaseScriptCaches (0ms)
		RebuildScriptCaches (0ms)
		SetupLoadedEditorAssemblies (441ms)
			LogAssemblyErrors (0ms)
			InitializePlatformSupportModulesInManaged (5ms)
			SetLoadedEditorAssemblies (5ms)
			RefreshPlugins (0ms)
			BeforeProcessingInitializeOnLoad (84ms)
			ProcessInitializeOnLoadAttributes (323ms)
			ProcessInitializeOnLoadMethodAttributes (20ms)
			AfterProcessingInitializeOnLoad (3ms)
			EditorAssembliesLoaded (0ms)
		ExecutionOrderSort2 (0ms)
		AwakeInstancesAfterBackupRestoration (10ms)
Launched and connected shader compiler UnityShaderCompiler.exe after 0.10 seconds
Refreshing native plugins compatible for Editor in 1.78 ms, found 3 plugins.
Preloading 0 native plugins for Editor in 0.00 ms.
Unloading 3109 Unused Serialized files (Serialized files now loaded: 0)
Unloading 31 unused Assets / (56.4 KB). Loaded Objects now: 3576.
Memory consumption went from 124.8 MB to 124.7 MB.
Total: 3.008700 ms (FindLiveObjects: 0.228200 ms CreateObjectMapping: 0.186400 ms MarkObjects: 2.490300 ms  DeleteObjects: 0.102900 ms)

AssetImportParameters requested are different than current active one (requested -> active):
  custom:container-demuxer-ogg: 62fdf1f143b41e24485cea50d1cbac27 -> 
  custom:video-decoder-ogg-theora: a1e56fd34408186e4bbccfd4996cb3dc -> 
  custom:framework-win-MediaFoundation: 216162199b28c13a410421893ffa2e32 -> 
  custom:CustomObjectIndexerAttribute: 756ad292c208cfabdd7b50bc23989ffe -> 
  custom:container-demuxer-webm: 4f35f7cbe854078d1ac9338744f61a02 -> 
  custom:container-muxer-webm: aa71ff27fc2769a1b78a27578f13a17b -> 
  custom:video-decoder-webm-vp8: 9c59270c3fd7afecdb556c50c9e8de78 -> 
  custom:SearchIndexIgnoredProperties: e643bd26f0fe6173181afceb89e7c659 -> 
  custom:AudioImporter_EditorPlatform: d09bf68614088b80899f8185d706f6e7 -> 
  custom:video-encoder-webm-vp8: eb34c28f22e8b96e1ab97ce403110664 -> 
  custom:audio-decoder-ogg-vorbis: bf7c407c2cedff20999df2af8eb42d56 -> 
  custom:audio-encoder-webm-vorbis: bf7c407c2cedff20999df2af8eb42d56 -> 
========================================================================
Received Import Request.
  Time since last request: 1202285.185077 seconds.
  path: Assets/Props/Scripts/Advanced Rendering/3) Surface Displacement/Surface Displacement.shader
  artifactKey: Guid(6327a5ca09326024baa732e829cce95f) Importer(815301076,1909f56bfc062723c751e8b465ee728b)
Start importing Assets/Props/Scripts/Advanced Rendering/3) Surface Displacement/Surface Displacement.shader using Guid(6327a5ca09326024baa732e829cce95f) Importer(815301076,1909f56bfc062723c751e8b465ee728b)  -> (artifact id: '16614f4a59497ab8ac39a17447583262') in 0.013104 seconds
Number of updated asset objects reloaded before import = 1
Number of asset objects unloaded after import = 0
========================================================================
Received Import Request.
  Time since last request: 879.909113 seconds.
  path: Assets/Props/Scripts/Advanced Rendering/3) Surface Displacement/Surface Displacement.shader
  artifactKey: Guid(6327a5ca09326024baa732e829cce95f) Importer(815301076,1909f56bfc062723c751e8b465ee728b)
Start importing Assets/Props/Scripts/Advanced Rendering/3) Surface Displacement/Surface Displacement.shader using Guid(6327a5ca09326024baa732e829cce95f) Importer(815301076,1909f56bfc062723c751e8b465ee728b)  -> (artifact id: '8dd20fff2fe1f3f48aadb708327bfc33') in 0.000868 seconds
Number of updated asset objects reloaded before import = 1
Number of asset objects unloaded after import = 0
========================================================================
Received Import Request.
  Time since last request: 20.854705 seconds.
  path: Assets/Scenes/Advanced Rendering/2)Tessellation.unity
  artifactKey: Guid(08c4687dc94eebb478b90186e9ec0714) Importer(815301076,1909f56bfc062723c751e8b465ee728b)
Start importing Assets/Scenes/Advanced Rendering/2)Tessellation.unity using Guid(08c4687dc94eebb478b90186e9ec0714) Importer(815301076,1909f56bfc062723c751e8b465ee728b)  -> (artifact id: '572d3d437b530835c3cf0049473cab9a') in 0.000513 seconds
Number of updated asset objects reloaded before import = 0
Number of asset objects unloaded after import = 0
========================================================================
Received Import Request.
  Time since last request: 1.809346 seconds.
  path: Assets/Scenes/Advanced Rendering/2)Tessellation 1.unity
  artifactKey: Guid(2a601f12ac82ed9439a0d79b1f3dfde0) Importer(815301076,1909f56bfc062723c751e8b465ee728b)
Start importing Assets/Scenes/Advanced Rendering/2)Tessellation 1.unity using Guid(2a601f12ac82ed9439a0d79b1f3dfde0) Importer(815301076,1909f56bfc062723c751e8b465ee728b)  -> (artifact id: '29cc22af97746c865a1100fc3c02b2ea') in 0.000405 seconds
Number of updated asset objects reloaded before import = 0
Number of asset objects unloaded after import = 0
========================================================================
Received Import Request.
  Time since last request: 10.471241 seconds.
  path: Assets/Scenes/Advanced Rendering/3) Surface Displacement.unity
  artifactKey: Guid(2a601f12ac82ed9439a0d79b1f3dfde0) Importer(815301076,1909f56bfc062723c751e8b465ee728b)
Start importing Assets/Scenes/Advanced Rendering/3) Surface Displacement.unity using Guid(2a601f12ac82ed9439a0d79b1f3dfde0) Importer(815301076,1909f56bfc062723c751e8b465ee728b)  -> (artifact id: 'c00e97efb2e7736d257239172e304c58') in 0.000419 seconds
Number of updated asset objects reloaded before import = 0
Number of asset objects unloaded after import = 0
========================================================================
Received Import Request.
  Time since last request: 100.539555 seconds.
  path: Assets/Props/Materials/Advanced Rendering/3) Surface Displacement/Displacement Mat.mat
  artifactKey: Guid(3b026f4e19987cc4291d37de5fa4f2aa) Importer(815301076,1909f56bfc062723c751e8b465ee728b)
Start importing Assets/Props/Materials/Advanced Rendering/3) Surface Displacement/Displacement Mat.mat using Guid(3b026f4e19987cc4291d37de5fa4f2aa) Importer(815301076,1909f56bfc062723c751e8b465ee728b)  -> (artifact id: '2d1490ee891f443e98ce1973406bde97') in 1.493877 seconds
Number of updated asset objects reloaded before import = 0
Number of asset objects unloaded after import = 1
========================================================================
Received Import Request.
  Time since last request: 21222.073527 seconds.
  path: Assets/Scenes/Advanced Rendering/1)Flat and Wireframe Shading.unity
  artifactKey: Guid(4d462929279417440bffdfa3b0673ea3) Importer(815301076,1909f56bfc062723c751e8b465ee728b)
Start importing Assets/Scenes/Advanced Rendering/1)Flat and Wireframe Shading.unity using Guid(4d462929279417440bffdfa3b0673ea3) Importer(815301076,1909f56bfc062723c751e8b465ee728b)  -> (artifact id: '9a293433e39e80edf58485672f24c544') in 0.017727 seconds
Number of updated asset objects reloaded before import = 0
Number of asset objects unloaded after import = 0
========================================================================
Received Import Request.
  Time since last request: 4.087761 seconds.
  path: Assets/Scenes/Rendering/20.unity
  artifactKey: Guid(7dde5d87bb546434588694e5b93e4b04) Importer(815301076,1909f56bfc062723c751e8b465ee728b)
Start importing Assets/Scenes/Rendering/20.unity using Guid(7dde5d87bb546434588694e5b93e4b04) Importer(815301076,1909f56bfc062723c751e8b465ee728b)  -> (artifact id: 'b7e80a61b76b3e6532816baaf7c0ccf9') in 0.000516 seconds
Number of updated asset objects reloaded before import = 0
Number of asset objects unloaded after import = 0
========================================================================
Received Import Request.
  Time since last request: 25.824244 seconds.
  path: Assets/Scenes/Rendering/New Material.mat
  artifactKey: Guid(f564a3e2fe7d6774192ca7fce7d271bf) Importer(815301076,1909f56bfc062723c751e8b465ee728b)
Start importing Assets/Scenes/Rendering/New Material.mat using Guid(f564a3e2fe7d6774192ca7fce7d271bf) Importer(815301076,1909f56bfc062723c751e8b465ee728b)  -> (artifact id: '0d055db208a7bfc76e34978bbb92c49e') in 0.099760 seconds
Number of updated asset objects reloaded before import = 0
Number of asset objects unloaded after import = 1
========================================================================
Received Import Request.
  Time since last request: 406.778745 seconds.
  path: Assets/Scenes/Advanced Rendering/3) Surface Displacement.unity
  artifactKey: Guid(2a601f12ac82ed9439a0d79b1f3dfde0) Importer(815301076,1909f56bfc062723c751e8b465ee728b)
Start importing Assets/Scenes/Advanced Rendering/3) Surface Displacement.unity using Guid(2a601f12ac82ed9439a0d79b1f3dfde0) Importer(815301076,1909f56bfc062723c751e8b465ee728b)  -> (artifact id: 'd40ad09bcba7fd37f2b003492bcafea7') in 0.018953 seconds
Number of updated asset objects reloaded before import = 0
Number of asset objects unloaded after import = 0
========================================================================
Received Import Request.
  Time since last request: 61184.570886 seconds.
  path: Assets/Props/Scripts/Advanced Rendering/3) Surface Displacement/My Lighting.cginc
  artifactKey: Guid(80898690b3b92e948a736fd0285a27b8) Importer(815301076,1909f56bfc062723c751e8b465ee728b)
Start importing Assets/Props/Scripts/Advanced Rendering/3) Surface Displacement/My Lighting.cginc using Guid(80898690b3b92e948a736fd0285a27b8) Importer(815301076,1909f56bfc062723c751e8b465ee728b)  -> (artifact id: 'f09a76bbe8d88fced277a0200d6cba7a') in 0.024238 seconds
Number of updated asset objects reloaded before import = 1
Number of asset objects unloaded after import = 1
========================================================================
Received Import Request.
  Time since last request: 6.147719 seconds.
  path: Assets/Props/Materials/Advanced Rendering/3) Surface Displacement/Displacement Mat.mat
  artifactKey: Guid(3b026f4e19987cc4291d37de5fa4f2aa) Importer(815301076,1909f56bfc062723c751e8b465ee728b)
Start importing Assets/Props/Materials/Advanced Rendering/3) Surface Displacement/Displacement Mat.mat using Guid(3b026f4e19987cc4291d37de5fa4f2aa) Importer(815301076,1909f56bfc062723c751e8b465ee728b)  -> (artifact id: '9ff5b96f8c19c7185e5962322e480b04') in 1.064599 seconds
Number of updated asset objects reloaded before import = 0
Number of asset objects unloaded after import = 4
========================================================================
Received Import Request.
  Time since last request: 677.055095 seconds.
  path: Assets/Props/Materials/Advanced Rendering/3) Surface Displacement/Displacement Mat.mat
  artifactKey: Guid(3b026f4e19987cc4291d37de5fa4f2aa) Importer(815301076,1909f56bfc062723c751e8b465ee728b)
Start importing Assets/Props/Materials/Advanced Rendering/3) Surface Displacement/Displacement Mat.mat using Guid(3b026f4e19987cc4291d37de5fa4f2aa) Importer(815301076,1909f56bfc062723c751e8b465ee728b)  -> (artifact id: '3bd9fbeeaeda4ba3ab4ef8c3111b51b6') in 0.409633 seconds
Number of updated asset objects reloaded before import = 1
Number of asset objects unloaded after import = 3
========================================================================
Received Import Request.
  Time since last request: 114.908223 seconds.
  path: Assets/Props/Materials/Advanced Rendering/3) Surface Displacement/Displacement Mat.mat
  artifactKey: Guid(3b026f4e19987cc4291d37de5fa4f2aa) Importer(815301076,1909f56bfc062723c751e8b465ee728b)
Start importing Assets/Props/Materials/Advanced Rendering/3) Surface Displacement/Displacement Mat.mat using Guid(3b026f4e19987cc4291d37de5fa4f2aa) Importer(815301076,1909f56bfc062723c751e8b465ee728b)  -> (artifact id: '48acfebab0ce53e888cc05b80da205c8') in 0.347948 seconds
Number of updated asset objects reloaded before import = 1
Number of asset objects unloaded after import = 3
========================================================================
Received Import Request.
  Time since last request: 1452.786060 seconds.
  path: Assets/Props/Materials/Advanced Rendering/3) Surface Displacement/Displacement Mat.mat
  artifactKey: Guid(3b026f4e19987cc4291d37de5fa4f2aa) Importer(815301076,1909f56bfc062723c751e8b465ee728b)
Start importing Assets/Props/Materials/Advanced Rendering/3) Surface Displacement/Displacement Mat.mat using Guid(3b026f4e19987cc4291d37de5fa4f2aa) Importer(815301076,1909f56bfc062723c751e8b465ee728b)  -> (artifact id: '35a8a1be6991ddeeea0973d03855d7d3') in 0.312100 seconds
Number of updated asset objects reloaded before import = 1
Number of asset objects unloaded after import = 3
========================================================================
Received Import Request.
  Time since last request: 1736.259149 seconds.
  path: Assets/Props/Materials/Advanced Rendering/3) Surface Displacement/Displacement Mat.mat
  artifactKey: Guid(3b026f4e19987cc4291d37de5fa4f2aa) Importer(815301076,1909f56bfc062723c751e8b465ee728b)
Start importing Assets/Props/Materials/Advanced Rendering/3) Surface Displacement/Displacement Mat.mat using Guid(3b026f4e19987cc4291d37de5fa4f2aa) Importer(815301076,1909f56bfc062723c751e8b465ee728b)  -> (artifact id: '2a98d75fe0038e82c85e08b411ca3e5d') in 0.305654 seconds
Number of updated asset objects reloaded before import = 1
Number of asset objects unloaded after import = 3
========================================================================
Received Prepare
Begin MonoManager ReloadAssembly
Symbol file LoadedFromMemory doesn't match image D:\projects\Git\CatlikeCoding-Rendering\Rendering\Library\PackageCache\com.unity.visualscripting@1.8.0\Editor\VisualScripting.Core\Dependencies\YamlDotNet\Unity.VisualScripting.YamlDotNet.dll
Symbol file LoadedFromMemory doesn't match image D:\projects\Git\CatlikeCoding-Rendering\Rendering\Library\PackageCache\com.unity.visualscripting@1.8.0\Editor\VisualScripting.Core\Dependencies\DotNetZip\Unity.VisualScripting.IonicZip.dll
- Loaded All Assemblies, in  8.969 seconds
Refreshing native plugins compatible for Editor in 1.93 ms, found 3 plugins.
Native extension for UWP target not found
Native extension for WindowsStandalone target not found
Mono: successfully reloaded assembly
- Finished resetting the current domain, in 19.578 seconds
Domain Reload Profiling: 28547ms
	BeginReloadAssembly (542ms)
		ExecutionOrderSort (0ms)
		DisableScriptedObjects (31ms)
		BackupInstance (0ms)
		ReleaseScriptingObjects (0ms)
		CreateAndSetChildDomain (228ms)
	RebuildCommonClasses (37ms)
	RebuildNativeTypeToScriptingClass (12ms)
	initialDomainReloadingComplete (29ms)
	LoadAllAssembliesAndSetupDomain (8349ms)
		LoadAssemblies (8491ms)
		RebuildTransferFunctionScriptingTraits (0ms)
		AnalyzeDomain (14ms)
			TypeCache.Refresh (7ms)
				TypeCache.ScanAssembly (0ms)
			ScanForSourceGeneratedMonoScriptInfo (0ms)
			ResolveRequiredComponents (6ms)
	FinalizeReload (19578ms)
		ReleaseScriptCaches (0ms)
		RebuildScriptCaches (0ms)
		SetupLoadedEditorAssemblies (389ms)
			LogAssemblyErrors (0ms)
			InitializePlatformSupportModulesInManaged (7ms)
			SetLoadedEditorAssemblies (6ms)
			RefreshPlugins (0ms)
			BeforeProcessingInitializeOnLoad (87ms)
			ProcessInitializeOnLoadAttributes (262ms)
			ProcessInitializeOnLoadMethodAttributes (24ms)
			AfterProcessingInitializeOnLoad (3ms)
			EditorAssembliesLoaded (0ms)
		ExecutionOrderSort2 (0ms)
		AwakeInstancesAfterBackupRestoration (11ms)
Refreshing native plugins compatible for Editor in 2.26 ms, found 3 plugins.
Preloading 0 native plugins for Editor in 0.00 ms.
Unloading 3076 Unused Serialized files (Serialized files now loaded: 0)
Unloading 22 unused Assets / (30.5 KB). Loaded Objects now: 3620.
Memory consumption went from 122.3 MB to 122.3 MB.
Total: 97.089800 ms (FindLiveObjects: 0.261400 ms CreateObjectMapping: 0.295500 ms MarkObjects: 96.471600 ms  DeleteObjects: 0.060500 ms)

Prepare: number of updated asset objects reloaded= 1
AssetImportParameters requested are different than current active one (requested -> active):
  custom:container-demuxer-ogg: 62fdf1f143b41e24485cea50d1cbac27 -> 
  custom:video-decoder-ogg-theora: a1e56fd34408186e4bbccfd4996cb3dc -> 
  custom:framework-win-MediaFoundation: 216162199b28c13a410421893ffa2e32 -> 
  custom:CustomObjectIndexerAttribute: 756ad292c208cfabdd7b50bc23989ffe -> 
  custom:container-demuxer-webm: 4f35f7cbe854078d1ac9338744f61a02 -> 
  custom:container-muxer-webm: aa71ff27fc2769a1b78a27578f13a17b -> 
  custom:video-decoder-webm-vp8: 9c59270c3fd7afecdb556c50c9e8de78 -> 
  custom:SearchIndexIgnoredProperties: e643bd26f0fe6173181afceb89e7c659 -> 
  custom:AudioImporter_EditorPlatform: d09bf68614088b80899f8185d706f6e7 -> 
  custom:video-encoder-webm-vp8: eb34c28f22e8b96e1ab97ce403110664 -> 
  custom:audio-decoder-ogg-vorbis: bf7c407c2cedff20999df2af8eb42d56 -> 
  custom:audio-encoder-webm-vorbis: bf7c407c2cedff20999df2af8eb42d56 -> 
