Using pre-set license
Built from '2022.3/staging' branch; Version is '2022.3.7f1 (b16b3b16c7a0) revision 11627323'; Using compiler version '192829333'; Build Type 'Release'
OS: 'Windows 10  (10.0.19045) 64bit Professional' Language: 'en' Physical Memory: 16294 MB
BatchMode: 1, IsHumanControllingUs: 0, StartBugReporterOnCrash: 0, Is64bit: 1, IsPro: 1

COMMAND LINE ARGUMENTS:
D:\programs\Unity Editors\2022.3.7f1\Editor\Unity.exe
-adb2
-batchMode
-noUpm
-name
AssetImportWorker0
-projectPath
D:/projects/Git/CatlikeCoding-Rendering/Rendering
-logFile
Logs/AssetImportWorker0.log
-srvPort
59967
Successfully changed project path to: D:/projects/Git/CatlikeCoding-Rendering/Rendering
D:/projects/Git/CatlikeCoding-Rendering/Rendering
[UnityMemory] Configuration Parameters - Can be set up in boot.config
    "memorysetup-bucket-allocator-granularity=16"
    "memorysetup-bucket-allocator-bucket-count=8"
    "memorysetup-bucket-allocator-block-size=33554432"
    "memorysetup-bucket-allocator-block-count=8"
    "memorysetup-main-allocator-block-size=16777216"
    "memorysetup-thread-allocator-block-size=16777216"
    "memorysetup-gfx-main-allocator-block-size=16777216"
    "memorysetup-gfx-thread-allocator-block-size=16777216"
    "memorysetup-cache-allocator-block-size=4194304"
    "memorysetup-typetree-allocator-block-size=2097152"
    "memorysetup-profiler-bucket-allocator-granularity=16"
    "memorysetup-profiler-bucket-allocator-bucket-count=8"
    "memorysetup-profiler-bucket-allocator-block-size=33554432"
    "memorysetup-profiler-bucket-allocator-block-count=8"
    "memorysetup-profiler-allocator-block-size=16777216"
    "memorysetup-profiler-editor-allocator-block-size=1048576"
    "memorysetup-temp-allocator-size-main=16777216"
    "memorysetup-job-temp-allocator-block-size=2097152"
    "memorysetup-job-temp-allocator-block-size-background=1048576"
    "memorysetup-job-temp-allocator-reduction-small-platforms=262144"
    "memorysetup-allocator-temp-initial-block-size-main=262144"
    "memorysetup-allocator-temp-initial-block-size-worker=262144"
    "memorysetup-temp-allocator-size-background-worker=32768"
    "memorysetup-temp-allocator-size-job-worker=262144"
    "memorysetup-temp-allocator-size-preload-manager=33554432"
    "memorysetup-temp-allocator-size-nav-mesh-worker=65536"
    "memorysetup-temp-allocator-size-audio-worker=65536"
    "memorysetup-temp-allocator-size-cloud-worker=32768"
    "memorysetup-temp-allocator-size-gi-baking-worker=262144"
    "memorysetup-temp-allocator-size-gfx=262144"
Player connection [18256] Host "[IP] 192.168.2.221 [Port] 0 [Flags] 2 [Guid] 3765571957 [EditorId] 3765571957 [Version] 1048832 [Id] WindowsEditor(7,DESKTOP-J5TC0EM) [Debug] 1 [PackageName] WindowsEditor [ProjectName] Editor" joined multi-casting on [225.0.0.222:54997]...

Player connection [18256] Host "[IP] 192.168.2.221 [Port] 0 [Flags] 2 [Guid] 3765571957 [EditorId] 3765571957 [Version] 1048832 [Id] WindowsEditor(7,DESKTOP-J5TC0EM) [Debug] 1 [PackageName] WindowsEditor [ProjectName] Editor" joined alternative multi-casting on [225.0.0.222:34997]...

Refreshing native plugins compatible for Editor in 8.21 ms, found 3 plugins.
Preloading 0 native plugins for Editor in 0.00 ms.
Initialize engine version: 2022.3.7f1 (b16b3b16c7a0)
[Subsystems] Discovering subsystems at path D:/programs/Unity Editors/2022.3.7f1/Editor/Data/Resources/UnitySubsystems
[Subsystems] Discovering subsystems at path D:/projects/Git/CatlikeCoding-Rendering/Rendering/Assets
GfxDevice: creating device client; threaded=0; jobified=0
Direct3D:
    Version:  Direct3D 11.0 [level 11.1]
    Renderer: NVIDIA GeForce GTX 1650 (ID=0x1f82)
    Vendor:   NVIDIA
    VRAM:     3935 MB
    Driver:   32.0.15.6094
Initialize mono
Mono path[0] = 'D:/programs/Unity Editors/2022.3.7f1/Editor/Data/Managed'
Mono path[1] = 'D:/programs/Unity Editors/2022.3.7f1/Editor/Data/MonoBleedingEdge/lib/mono/unityjit-win32'
Mono config path = 'D:/programs/Unity Editors/2022.3.7f1/Editor/Data/MonoBleedingEdge/etc'
Using monoOptions --debugger-agent=transport=dt_socket,embedding=1,server=y,suspend=n,address=127.0.0.1:56168
Begin MonoManager ReloadAssembly
Registering precompiled unity dll's ...
Register platform support module: D:/programs/Unity Editors/2022.3.7f1/Editor/Data/PlaybackEngines/WindowsStandaloneSupport/UnityEditor.WindowsStandalone.Extensions.dll
Register platform support module: D:/programs/Unity Editors/2022.3.7f1/Editor/Data/PlaybackEngines/MetroSupport/UnityEditor.UWP.Extensions.dll
Registered in 0.004520 seconds.
- Loaded All Assemblies, in  0.334 seconds
Native extension for UWP target not found
Native extension for WindowsStandalone target not found
Mono: successfully reloaded assembly
- Finished resetting the current domain, in  0.254 seconds
Domain Reload Profiling: 588ms
	BeginReloadAssembly (101ms)
		ExecutionOrderSort (0ms)
		DisableScriptedObjects (0ms)
		BackupInstance (0ms)
		ReleaseScriptingObjects (0ms)
		CreateAndSetChildDomain (1ms)
	RebuildCommonClasses (33ms)
	RebuildNativeTypeToScriptingClass (12ms)
	initialDomainReloadingComplete (47ms)
	LoadAllAssembliesAndSetupDomain (141ms)
		LoadAssemblies (101ms)
		RebuildTransferFunctionScriptingTraits (0ms)
		AnalyzeDomain (139ms)
			TypeCache.Refresh (138ms)
				TypeCache.ScanAssembly (125ms)
			ScanForSourceGeneratedMonoScriptInfo (0ms)
			ResolveRequiredComponents (0ms)
	FinalizeReload (255ms)
		ReleaseScriptCaches (0ms)
		RebuildScriptCaches (0ms)
		SetupLoadedEditorAssemblies (195ms)
			LogAssemblyErrors (0ms)
			InitializePlatformSupportModulesInManaged (8ms)
			SetLoadedEditorAssemblies (6ms)
			RefreshPlugins (0ms)
			BeforeProcessingInitializeOnLoad (2ms)
			ProcessInitializeOnLoadAttributes (123ms)
			ProcessInitializeOnLoadMethodAttributes (55ms)
			AfterProcessingInitializeOnLoad (0ms)
			EditorAssembliesLoaded (0ms)
		ExecutionOrderSort2 (0ms)
		AwakeInstancesAfterBackupRestoration (0ms)
========================================================================
Worker process is ready to serve import requests
Begin MonoManager ReloadAssembly
Symbol file LoadedFromMemory doesn't match image D:\projects\Git\CatlikeCoding-Rendering\Rendering\Library\PackageCache\com.unity.visualscripting@1.8.0\Editor\VisualScripting.Core\Dependencies\YamlDotNet\Unity.VisualScripting.YamlDotNet.dll
Symbol file LoadedFromMemory doesn't match image D:\projects\Git\CatlikeCoding-Rendering\Rendering\Library\PackageCache\com.unity.visualscripting@1.8.0\Editor\VisualScripting.Core\Dependencies\DotNetZip\Unity.VisualScripting.IonicZip.dll
- Loaded All Assemblies, in  0.602 seconds
Refreshing native plugins compatible for Editor in 1.67 ms, found 3 plugins.
Native extension for UWP target not found
Native extension for WindowsStandalone target not found
Mono: successfully reloaded assembly
- Finished resetting the current domain, in  0.606 seconds
Domain Reload Profiling: 1208ms
	BeginReloadAssembly (145ms)
		ExecutionOrderSort (0ms)
		DisableScriptedObjects (6ms)
		BackupInstance (0ms)
		ReleaseScriptingObjects (0ms)
		CreateAndSetChildDomain (20ms)
	RebuildCommonClasses (34ms)
	RebuildNativeTypeToScriptingClass (11ms)
	initialDomainReloadingComplete (35ms)
	LoadAllAssembliesAndSetupDomain (378ms)
		LoadAssemblies (294ms)
		RebuildTransferFunctionScriptingTraits (0ms)
		AnalyzeDomain (170ms)
			TypeCache.Refresh (150ms)
				TypeCache.ScanAssembly (136ms)
			ScanForSourceGeneratedMonoScriptInfo (14ms)
			ResolveRequiredComponents (4ms)
	FinalizeReload (607ms)
		ReleaseScriptCaches (0ms)
		RebuildScriptCaches (0ms)
		SetupLoadedEditorAssemblies (443ms)
			LogAssemblyErrors (0ms)
			InitializePlatformSupportModulesInManaged (5ms)
			SetLoadedEditorAssemblies (5ms)
			RefreshPlugins (0ms)
			BeforeProcessingInitializeOnLoad (87ms)
			ProcessInitializeOnLoadAttributes (316ms)
			ProcessInitializeOnLoadMethodAttributes (25ms)
			AfterProcessingInitializeOnLoad (4ms)
			EditorAssembliesLoaded (0ms)
		ExecutionOrderSort2 (0ms)
		AwakeInstancesAfterBackupRestoration (15ms)
Launched and connected shader compiler UnityShaderCompiler.exe after 0.04 seconds
Refreshing native plugins compatible for Editor in 1.78 ms, found 3 plugins.
Preloading 0 native plugins for Editor in 0.00 ms.
Unloading 3093 Unused Serialized files (Serialized files now loaded: 0)
Unloading 31 unused Assets / (56.4 KB). Loaded Objects now: 3560.
Memory consumption went from 120.1 MB to 120.0 MB.
Total: 3.264200 ms (FindLiveObjects: 0.236900 ms CreateObjectMapping: 0.220400 ms MarkObjects: 2.689700 ms  DeleteObjects: 0.115800 ms)

AssetImportParameters requested are different than current active one (requested -> active):
  custom:container-demuxer-ogg: 62fdf1f143b41e24485cea50d1cbac27 -> 
  custom:video-decoder-ogg-theora: a1e56fd34408186e4bbccfd4996cb3dc -> 
  custom:framework-win-MediaFoundation: 216162199b28c13a410421893ffa2e32 -> 
  custom:container-demuxer-webm: 4f35f7cbe854078d1ac9338744f61a02 -> 
  custom:container-muxer-webm: aa71ff27fc2769a1b78a27578f13a17b -> 
  custom:video-decoder-webm-vp8: 9c59270c3fd7afecdb556c50c9e8de78 -> 
  custom:AudioImporter_EditorPlatform: d09bf68614088b80899f8185d706f6e7 -> 
  custom:video-encoder-webm-vp8: eb34c28f22e8b96e1ab97ce403110664 -> 
  custom:audio-decoder-ogg-vorbis: bf7c407c2cedff20999df2af8eb42d56 -> 
  custom:audio-encoder-webm-vorbis: bf7c407c2cedff20999df2af8eb42d56 -> 
========================================================================
Received Import Request.
  Time since last request: 1596873.675920 seconds.
  path: Assets/Props/Scripts/Rendering 15/Deferred Shading.shader
  artifactKey: Guid(d40e00f5d1ea52f4f8a57a6342b4eabb) Importer(815301076,1909f56bfc062723c751e8b465ee728b)
Start importing Assets/Props/Scripts/Rendering 15/Deferred Shading.shader using Guid(d40e00f5d1ea52f4f8a57a6342b4eabb) Importer(815301076,1909f56bfc062723c751e8b465ee728b)  -> (artifact id: 'cee02783ad5cffe1e84852ac2f21b296') in 0.010146 seconds
Number of updated asset objects reloaded before import = 0
Number of asset objects unloaded after import = 0
========================================================================
Received Prepare
Refreshing native plugins compatible for Editor in 1.78 ms, found 3 plugins.
Preloading 0 native plugins for Editor in 0.00 ms.
Unloading 0 Unused Serialized files (Serialized files now loaded: 0)
Unloading 1 unused Assets / (0.8 KB). Loaded Objects now: 3561.
Memory consumption went from 67.1 MB to 67.1 MB.
Total: 3.426000 ms (FindLiveObjects: 0.244200 ms CreateObjectMapping: 0.213600 ms MarkObjects: 2.949000 ms  DeleteObjects: 0.018400 ms)

Prepare: number of updated asset objects reloaded= 1
AssetImportParameters requested are different than current active one (requested -> active):
  custom:container-demuxer-ogg: 62fdf1f143b41e24485cea50d1cbac27 -> 
  custom:video-decoder-ogg-theora: a1e56fd34408186e4bbccfd4996cb3dc -> 
  custom:framework-win-MediaFoundation: 216162199b28c13a410421893ffa2e32 -> 
  custom:CustomObjectIndexerAttribute: 756ad292c208cfabdd7b50bc23989ffe -> 
  custom:container-demuxer-webm: 4f35f7cbe854078d1ac9338744f61a02 -> 
  custom:container-muxer-webm: aa71ff27fc2769a1b78a27578f13a17b -> 
  custom:video-decoder-webm-vp8: 9c59270c3fd7afecdb556c50c9e8de78 -> 
  custom:SearchIndexIgnoredProperties: e643bd26f0fe6173181afceb89e7c659 -> 
  custom:AudioImporter_EditorPlatform: d09bf68614088b80899f8185d706f6e7 -> 
  custom:video-encoder-webm-vp8: eb34c28f22e8b96e1ab97ce403110664 -> 
  custom:audio-decoder-ogg-vorbis: bf7c407c2cedff20999df2af8eb42d56 -> 
  custom:audio-encoder-webm-vorbis: bf7c407c2cedff20999df2af8eb42d56 -> 
========================================================================
Received Import Request.
  Time since last request: 309.154695 seconds.
  path: Assets/Props/Scripts/Rendering 15/MyDeferredShading.cginc
  artifactKey: Guid(f7eabbff82383694781a57eca12afde5) Importer(815301076,1909f56bfc062723c751e8b465ee728b)
Start importing Assets/Props/Scripts/Rendering 15/MyDeferredShading.cginc using Guid(f7eabbff82383694781a57eca12afde5) Importer(815301076,1909f56bfc062723c751e8b465ee728b)  -> (artifact id: 'ee50c559198ccd1f9513da9ce595fa3d') in 0.002102 seconds
Number of updated asset objects reloaded before import = 0
Number of asset objects unloaded after import = 1
========================================================================
Received Import Request.
  Time since last request: 190.240650 seconds.
  path: Assets/Props/Scripts/Rendering 15/MyDeferredShading.cginc
  artifactKey: Guid(f7eabbff82383694781a57eca12afde5) Importer(815301076,1909f56bfc062723c751e8b465ee728b)
Start importing Assets/Props/Scripts/Rendering 15/MyDeferredShading.cginc using Guid(f7eabbff82383694781a57eca12afde5) Importer(815301076,1909f56bfc062723c751e8b465ee728b)  -> (artifact id: '26c8a3fc52eeeb766d737fb9c52571c7') in 0.001080 seconds
Number of updated asset objects reloaded before import = 1
Number of asset objects unloaded after import = 1
========================================================================
Received Import Request.
  Time since last request: 31.630028 seconds.
  path: Assets/Props/Scripts/Rendering 15/MyDeferredShading.cginc
  artifactKey: Guid(f7eabbff82383694781a57eca12afde5) Importer(815301076,1909f56bfc062723c751e8b465ee728b)
Start importing Assets/Props/Scripts/Rendering 15/MyDeferredShading.cginc using Guid(f7eabbff82383694781a57eca12afde5) Importer(815301076,1909f56bfc062723c751e8b465ee728b)  -> (artifact id: 'c7c4d79ae88f38926d5af4cd824f4689') in 0.000832 seconds
Number of updated asset objects reloaded before import = 1
Number of asset objects unloaded after import = 1
========================================================================
Received Import Request.
  Time since last request: 315.682045 seconds.
  path: Assets/Props/Scripts/Rendering 15/MyDeferredShading.cginc
  artifactKey: Guid(f7eabbff82383694781a57eca12afde5) Importer(815301076,1909f56bfc062723c751e8b465ee728b)
Start importing Assets/Props/Scripts/Rendering 15/MyDeferredShading.cginc using Guid(f7eabbff82383694781a57eca12afde5) Importer(815301076,1909f56bfc062723c751e8b465ee728b)  -> (artifact id: 'd6060c2722157771be9c454bc1a002ae') in 0.001020 seconds
Number of updated asset objects reloaded before import = 1
Number of asset objects unloaded after import = 1
========================================================================
Received Import Request.
  Time since last request: 10.806199 seconds.
  path: Assets/Props/Scripts/Rendering 15/MyDeferredShading.cginc
  artifactKey: Guid(f7eabbff82383694781a57eca12afde5) Importer(815301076,1909f56bfc062723c751e8b465ee728b)
Start importing Assets/Props/Scripts/Rendering 15/MyDeferredShading.cginc using Guid(f7eabbff82383694781a57eca12afde5) Importer(815301076,1909f56bfc062723c751e8b465ee728b)  -> (artifact id: '166f9a1df5c21b690fb982598e4447cf') in 0.000984 seconds
Number of updated asset objects reloaded before import = 1
Number of asset objects unloaded after import = 1
========================================================================
Received Import Request.
  Time since last request: 424.782719 seconds.
  path: Assets/Props/Scripts/Rendering 15/MyDeferredShading.cginc
  artifactKey: Guid(f7eabbff82383694781a57eca12afde5) Importer(815301076,1909f56bfc062723c751e8b465ee728b)
Start importing Assets/Props/Scripts/Rendering 15/MyDeferredShading.cginc using Guid(f7eabbff82383694781a57eca12afde5) Importer(815301076,1909f56bfc062723c751e8b465ee728b)  -> (artifact id: '22e14fe6164421240212c7af744b8bd9') in 0.001141 seconds
Number of updated asset objects reloaded before import = 1
Number of asset objects unloaded after import = 1
========================================================================
Received Import Request.
  Time since last request: 55.368339 seconds.
  path: Assets/Props/Scripts/Rendering 15/Deferred Shading.shader
  artifactKey: Guid(d40e00f5d1ea52f4f8a57a6342b4eabb) Importer(815301076,1909f56bfc062723c751e8b465ee728b)
Start importing Assets/Props/Scripts/Rendering 15/Deferred Shading.shader using Guid(d40e00f5d1ea52f4f8a57a6342b4eabb) Importer(815301076,1909f56bfc062723c751e8b465ee728b)  -> (artifact id: '30a8eb8f4282c6d3e2b718057e4aef50') in 0.000804 seconds
Number of updated asset objects reloaded before import = 0
Number of asset objects unloaded after import = 0
========================================================================
Received Import Request.
  Time since last request: 480.240188 seconds.
  path: Assets/Props/Scripts/Rendering 15/MyDeferredShading.cginc
  artifactKey: Guid(f7eabbff82383694781a57eca12afde5) Importer(815301076,1909f56bfc062723c751e8b465ee728b)
Start importing Assets/Props/Scripts/Rendering 15/MyDeferredShading.cginc using Guid(f7eabbff82383694781a57eca12afde5) Importer(815301076,1909f56bfc062723c751e8b465ee728b)  -> (artifact id: '7f61d373dda91ba4cce1b23067a5f0fd') in 0.000985 seconds
Number of updated asset objects reloaded before import = 1
Number of asset objects unloaded after import = 1
========================================================================
Received Import Request.
  Time since last request: 10.286166 seconds.
  path: Assets/Props/Scripts/Rendering 15/MyDeferredShading.cginc
  artifactKey: Guid(f7eabbff82383694781a57eca12afde5) Importer(815301076,1909f56bfc062723c751e8b465ee728b)
Start importing Assets/Props/Scripts/Rendering 15/MyDeferredShading.cginc using Guid(f7eabbff82383694781a57eca12afde5) Importer(815301076,1909f56bfc062723c751e8b465ee728b)  -> (artifact id: 'a5de8b207625c199f1371db3d87f2986') in 0.000848 seconds
Number of updated asset objects reloaded before import = 1
Number of asset objects unloaded after import = 1
========================================================================
Received Import Request.
  Time since last request: 3294.534611 seconds.
  path: Assets/Props/Scripts/Rendering 15/MyDeferredShading.cginc
  artifactKey: Guid(f7eabbff82383694781a57eca12afde5) Importer(815301076,1909f56bfc062723c751e8b465ee728b)
Start importing Assets/Props/Scripts/Rendering 15/MyDeferredShading.cginc using Guid(f7eabbff82383694781a57eca12afde5) Importer(815301076,1909f56bfc062723c751e8b465ee728b)  -> (artifact id: 'd48148570819fa4a9e6fe6b7e387f7d9') in 0.001542 seconds
Number of updated asset objects reloaded before import = 1
Number of asset objects unloaded after import = 1
========================================================================
Received Import Request.
  Time since last request: 145.954795 seconds.
  path: Assets/Props/Scripts/Rendering 15/MyDeferredShading.cginc
  artifactKey: Guid(f7eabbff82383694781a57eca12afde5) Importer(815301076,1909f56bfc062723c751e8b465ee728b)
Start importing Assets/Props/Scripts/Rendering 15/MyDeferredShading.cginc using Guid(f7eabbff82383694781a57eca12afde5) Importer(815301076,1909f56bfc062723c751e8b465ee728b)  -> (artifact id: '5254e83ce62c05dd94ce7f7fc709bc49') in 0.001499 seconds
Number of updated asset objects reloaded before import = 1
Number of asset objects unloaded after import = 1
========================================================================
Received Import Request.
  Time since last request: 12.527363 seconds.
  path: Assets/Scenes/13/ReflectionProbe-2.exr
  artifactKey: Guid(de56d0f66ee1b41478e5cc1b902a292d) Importer(815301076,1909f56bfc062723c751e8b465ee728b)
Start importing Assets/Scenes/13/ReflectionProbe-2.exr using Guid(de56d0f66ee1b41478e5cc1b902a292d) Importer(815301076,1909f56bfc062723c751e8b465ee728b)  -> (artifact id: '4c259358505061074d883efed4ea7b59') in 0.388974 seconds
Number of updated asset objects reloaded before import = 0
Number of asset objects unloaded after import = 1
========================================================================
Received Import Request.
  Time since last request: 105.313801 seconds.
  path: Assets/Props/Scripts/Rendering 15/MyDeferredShading.cginc
  artifactKey: Guid(f7eabbff82383694781a57eca12afde5) Importer(815301076,1909f56bfc062723c751e8b465ee728b)
Start importing Assets/Props/Scripts/Rendering 15/MyDeferredShading.cginc using Guid(f7eabbff82383694781a57eca12afde5) Importer(815301076,1909f56bfc062723c751e8b465ee728b)  -> (artifact id: '767cb7bc7d20e5247d48b5055a478545') in 0.001208 seconds
Number of updated asset objects reloaded before import = 1
Number of asset objects unloaded after import = 1
========================================================================
Received Import Request.
  Time since last request: 12.324884 seconds.
  path: Assets/Props/Scripts/Rendering 15/MyDeferredShading.cginc
  artifactKey: Guid(f7eabbff82383694781a57eca12afde5) Importer(815301076,1909f56bfc062723c751e8b465ee728b)
Start importing Assets/Props/Scripts/Rendering 15/MyDeferredShading.cginc using Guid(f7eabbff82383694781a57eca12afde5) Importer(815301076,1909f56bfc062723c751e8b465ee728b)  -> (artifact id: 'b251f2cd58046c78f4db941fa4ffea76') in 0.000791 seconds
Number of updated asset objects reloaded before import = 1
Number of asset objects unloaded after import = 1
========================================================================
Received Import Request.
  Time since last request: 6.528599 seconds.
  path: Assets/Props/Scripts/Rendering 15/MyDeferredShading.cginc
  artifactKey: Guid(f7eabbff82383694781a57eca12afde5) Importer(815301076,1909f56bfc062723c751e8b465ee728b)
Start importing Assets/Props/Scripts/Rendering 15/MyDeferredShading.cginc using Guid(f7eabbff82383694781a57eca12afde5) Importer(815301076,1909f56bfc062723c751e8b465ee728b)  -> (artifact id: '76843e0c4e9e8284e89a7ddd55403068') in 0.001055 seconds
Number of updated asset objects reloaded before import = 1
Number of asset objects unloaded after import = 1
========================================================================
Received Import Request.
  Time since last request: 38.926924 seconds.
  path: Assets/Props/Scripts/Rendering 15/MyDeferredShading.cginc
  artifactKey: Guid(f7eabbff82383694781a57eca12afde5) Importer(815301076,1909f56bfc062723c751e8b465ee728b)
Start importing Assets/Props/Scripts/Rendering 15/MyDeferredShading.cginc using Guid(f7eabbff82383694781a57eca12afde5) Importer(815301076,1909f56bfc062723c751e8b465ee728b)  -> (artifact id: 'bf0009291b6cda21ce8bc061ea044f3c') in 0.000990 seconds
Number of updated asset objects reloaded before import = 1
Number of asset objects unloaded after import = 1
========================================================================
Received Import Request.
  Time since last request: 100.875593 seconds.
  path: Assets/Props/Scripts/Rendering 15/MyDeferredShading.cginc
  artifactKey: Guid(f7eabbff82383694781a57eca12afde5) Importer(815301076,1909f56bfc062723c751e8b465ee728b)
Start importing Assets/Props/Scripts/Rendering 15/MyDeferredShading.cginc using Guid(f7eabbff82383694781a57eca12afde5) Importer(815301076,1909f56bfc062723c751e8b465ee728b)  -> (artifact id: '86c3a1cf3d8bb12836b7d7c62618cb09') in 0.001017 seconds
Number of updated asset objects reloaded before import = 1
Number of asset objects unloaded after import = 1
========================================================================
Received Import Request.
  Time since last request: 3.380252 seconds.
  path: Assets/Props/Scripts/Rendering 15/MyDeferredShading.cginc
  artifactKey: Guid(f7eabbff82383694781a57eca12afde5) Importer(815301076,1909f56bfc062723c751e8b465ee728b)
Start importing Assets/Props/Scripts/Rendering 15/MyDeferredShading.cginc using Guid(f7eabbff82383694781a57eca12afde5) Importer(815301076,1909f56bfc062723c751e8b465ee728b)  -> (artifact id: '6d518c467dd7764c1583bdccd9ab5260') in 0.000734 seconds
Number of updated asset objects reloaded before import = 1
Number of asset objects unloaded after import = 1
========================================================================
Received Import Request.
  Time since last request: 941.023022 seconds.
  path: Assets/Props/Scripts/Rendering 15/MyDeferredShading.cginc
  artifactKey: Guid(f7eabbff82383694781a57eca12afde5) Importer(815301076,1909f56bfc062723c751e8b465ee728b)
Start importing Assets/Props/Scripts/Rendering 15/MyDeferredShading.cginc using Guid(f7eabbff82383694781a57eca12afde5) Importer(815301076,1909f56bfc062723c751e8b465ee728b)  -> (artifact id: 'aa46e8cdec5c0614953b6baf6b92af77') in 0.001053 seconds
Number of updated asset objects reloaded before import = 1
Number of asset objects unloaded after import = 1
========================================================================
Received Import Request.
  Time since last request: 10.475010 seconds.
  path: Assets/Props/Scripts/Rendering 15/MyDeferredShading.cginc
  artifactKey: Guid(f7eabbff82383694781a57eca12afde5) Importer(815301076,1909f56bfc062723c751e8b465ee728b)
Start importing Assets/Props/Scripts/Rendering 15/MyDeferredShading.cginc using Guid(f7eabbff82383694781a57eca12afde5) Importer(815301076,1909f56bfc062723c751e8b465ee728b)  -> (artifact id: 'afc3aca3577cbd31fbfbd4ac87d7c58c') in 0.000734 seconds
Number of updated asset objects reloaded before import = 1
Number of asset objects unloaded after import = 1
